Provided cores: 25
Rules claiming more threads will be scaled down.
Provided resources: ram=150
Job counts:
	count	jobs
	207	_bed2coverage_chr
	1	all
	1	bed2coverage
	6	cDNA
	460	iPCR_WASP_filter_remapped_reads
	460	iPCR_WASP_find_SNPs
	460	iPCR_WASP_map_bowtie2_paired_end
	460	iPCR_WASP_merge_bams
	460	iPCR_WASP_sort_and_index_bam
	23	iPCR_annot_WASP
	460	iPCR_bam2bedpe
	460	iPCR_map
	23	iPCR_merge_bedpe
	23	merge_all
	2	plDNA
	3506

rule iPCR_WASP_find_SNPs:
    input: /DATA/usr/n.klaassen/projects/SuRE_K562/data/processed/SuRE_output/iPCR/iPCR_3466_5_L002/map1_sort/iPCR_3466_5_L002_chr1.bam, /DATA/usr/n.klaassen/projects/SuRE_K562/data/interim/SuRE_SNPs/vcf/SuRE_SNPs
    output: /DATA/usr/n.klaassen/projects/SuRE_K562/data/processed/SuRE_output/iPCR/iPCR_3466_5_L002/fastq2/iPCR_3466_5_L002_chr1_forw.fastq.gz, /DATA/usr/n.klaassen/projects/SuRE_K562/data/processed/SuRE_output/iPCR/iPCR_3466_5_L002/fastq2/iPCR_3466_5_L002_chr1_rev.fastq.gz, /DATA/usr/n.klaassen/projects/SuRE_K562/data/processed/SuRE_output/iPCR/iPCR_3466_5_L002/fastq2/iPCR_3466_5_L002_chr1.keep.bam, /DATA/usr/n.klaassen/projects/SuRE_K562/data/processed/SuRE_output/iPCR/iPCR_3466_5_L002/fastq2/iPCR_3466_5_L002_chr1.to.remap.bam
    jobid: 2597
    reason: Missing output files: /DATA/usr/n.klaassen/projects/SuRE_K562/data/processed/SuRE_output/iPCR/iPCR_3466_5_L002/fastq2/iPCR_3466_5_L002_chr1.keep.bam, /DATA/usr/n.klaassen/projects/SuRE_K562/data/processed/SuRE_output/iPCR/iPCR_3466_5_L002/fastq2/iPCR_3466_5_L002_chr1.to.remap.bam, /DATA/usr/n.klaassen/projects/SuRE_K562/data/processed/SuRE_output/iPCR/iPCR_3466_5_L002/fastq2/iPCR_3466_5_L002_chr1_forw.fastq.gz, /DATA/usr/n.klaassen/projects/SuRE_K562/data/processed/SuRE_output/iPCR/iPCR_3466_5_L002/fastq2/iPCR_3466_5_L002_chr1_rev.fastq.gz
    wildcards: s=iPCR_3466_5_L002, c=chr1

mkdir -p '/DATA/usr/n.klaassen/projects/SuRE_K562/data/processed/SuRE_output/iPCR/iPCR_3466_5_L002/fastq2' ; PYTHONPATH=$PYTHONPATH:/DATA/usr/ludo/projects/LP190816_SuRE_K562_SNP/code/SuRE-WASP-pipeline/code/WASP/mapping python2.7  /DATA/usr/ludo/projects/LP190816_SuRE_K562_SNP/code/SuRE-WASP-pipeline/code/WASP/mapping/find_intersecting_snps.py --is_paired_end --is_sorted --output_dir '/DATA/usr/n.klaassen/projects/SuRE_K562/data/processed/SuRE_output/iPCR/iPCR_3466_5_L002/fastq2' --snp_dir /DATA/usr/n.klaassen/projects/SuRE_K562/data/interim/SuRE_SNPs/vcf/SuRE_SNPs /DATA/usr/n.klaassen/projects/SuRE_K562/data/processed/SuRE_output/iPCR/iPCR_3466_5_L002/map1_sort/iPCR_3466_5_L002_chr1.bam; mv '/DATA/usr/n.klaassen/projects/SuRE_K562/data/processed/SuRE_output/iPCR/iPCR_3466_5_L002/fastq2'/'iPCR_3466_5_L002_chr1'.remap.fq1.gz /DATA/usr/n.klaassen/projects/SuRE_K562/data/processed/SuRE_output/iPCR/iPCR_3466_5_L002/fastq2/iPCR_3466_5_L002_chr1_forw.fastq.gz; mv '/DATA/usr/n.klaassen/projects/SuRE_K562/data/processed/SuRE_output/iPCR/iPCR_3466_5_L002/fastq2'/'iPCR_3466_5_L002_chr1'.remap.fq2.gz /DATA/usr/n.klaassen/projects/SuRE_K562/data/processed/SuRE_output/iPCR/iPCR_3466_5_L002/fastq2/iPCR_3466_5_L002_chr1_rev.fastq.gz; 

rule cDNA:
    input: /home/ludo/projects/LP190816_SuRE_K562_SNP/data/LP20190816_K562_rawData/cDNA/3520_1_12_1_RNA_45_5_K562_SuRE23_TFrep1_PCRrep1_pgcDNA_adapter_2_150604_hg_CAGATCA_L002_R1_001.fastq.gz
    output: /DATA/usr/n.klaassen/projects/SuRE_K562/data/processed/SuRE_output/cDNA/SuRE23_45_B1_T1/SuRE23_45_B1_T1_trimmed_table.txt.gz
    jobid: 1
    reason: Missing output files: /DATA/usr/n.klaassen/projects/SuRE_K562/data/processed/SuRE_output/cDNA/SuRE23_45_B1_T1/SuRE23_45_B1_T1_trimmed_table.txt.gz
    wildcards: s=SuRE23_45_B1_T1

/bin/bash: activate: No such file or directory
/DATA/usr/ludo/projects/LP190816_SuRE_K562_SNP/code/SuRE-WASP-pipeline/code/cDNA-plDNA-count-BC.bash -l -b 'SuRE23_45_B1_T1' -o '/DATA/usr/n.klaassen/projects/SuRE_K562/data/processed/SuRE_output/cDNA/SuRE23_45_B1_T1' -a CCTAGCTAACTATAACGGTCCTAAGGTAGCGAA /home/ludo/projects/LP190816_SuRE_K562_SNP/data/LP20190816_K562_rawData/cDNA/3520_1_12_1_RNA_45_5_K562_SuRE23_TFrep1_PCRrep1_pgcDNA_adapter_2_150604_hg_CAGATCA_L002_R1_001.fastq.gz

rule iPCR_WASP_find_SNPs:
    input: /DATA/usr/n.klaassen/projects/SuRE_K562/data/processed/SuRE_output/iPCR/iPCR_3466_4_L001/map1_sort/iPCR_3466_4_L001_chr1.bam, /DATA/usr/n.klaassen/projects/SuRE_K562/data/interim/SuRE_SNPs/vcf/SuRE_SNPs
    output: /DATA/usr/n.klaassen/projects/SuRE_K562/data/processed/SuRE_output/iPCR/iPCR_3466_4_L001/fastq2/iPCR_3466_4_L001_chr1_forw.fastq.gz, /DATA/usr/n.klaassen/projects/SuRE_K562/data/processed/SuRE_output/iPCR/iPCR_3466_4_L001/fastq2/iPCR_3466_4_L001_chr1_rev.fastq.gz, /DATA/usr/n.klaassen/projects/SuRE_K562/data/processed/SuRE_output/iPCR/iPCR_3466_4_L001/fastq2/iPCR_3466_4_L001_chr1.keep.bam, /DATA/usr/n.klaassen/projects/SuRE_K562/data/processed/SuRE_output/iPCR/iPCR_3466_4_L001/fastq2/iPCR_3466_4_L001_chr1.to.remap.bam
    jobid: 2591
    reason: Missing output files: /DATA/usr/n.klaassen/projects/SuRE_K562/data/processed/SuRE_output/iPCR/iPCR_3466_4_L001/fastq2/iPCR_3466_4_L001_chr1_rev.fastq.gz, /DATA/usr/n.klaassen/projects/SuRE_K562/data/processed/SuRE_output/iPCR/iPCR_3466_4_L001/fastq2/iPCR_3466_4_L001_chr1_forw.fastq.gz, /DATA/usr/n.klaassen/projects/SuRE_K562/data/processed/SuRE_output/iPCR/iPCR_3466_4_L001/fastq2/iPCR_3466_4_L001_chr1.keep.bam, /DATA/usr/n.klaassen/projects/SuRE_K562/data/processed/SuRE_output/iPCR/iPCR_3466_4_L001/fastq2/iPCR_3466_4_L001_chr1.to.remap.bam
    wildcards: s=iPCR_3466_4_L001, c=chr1

mkdir -p '/DATA/usr/n.klaassen/projects/SuRE_K562/data/processed/SuRE_output/iPCR/iPCR_3466_4_L001/fastq2' ; PYTHONPATH=$PYTHONPATH:/DATA/usr/ludo/projects/LP190816_SuRE_K562_SNP/code/SuRE-WASP-pipeline/code/WASP/mapping python2.7  /DATA/usr/ludo/projects/LP190816_SuRE_K562_SNP/code/SuRE-WASP-pipeline/code/WASP/mapping/find_intersecting_snps.py --is_paired_end --is_sorted --output_dir '/DATA/usr/n.klaassen/projects/SuRE_K562/data/processed/SuRE_output/iPCR/iPCR_3466_4_L001/fastq2' --snp_dir /DATA/usr/n.klaassen/projects/SuRE_K562/data/interim/SuRE_SNPs/vcf/SuRE_SNPs /DATA/usr/n.klaassen/projects/SuRE_K562/data/processed/SuRE_output/iPCR/iPCR_3466_4_L001/map1_sort/iPCR_3466_4_L001_chr1.bam; mv '/DATA/usr/n.klaassen/projects/SuRE_K562/data/processed/SuRE_output/iPCR/iPCR_3466_4_L001/fastq2'/'iPCR_3466_4_L001_chr1'.remap.fq1.gz /DATA/usr/n.klaassen/projects/SuRE_K562/data/processed/SuRE_output/iPCR/iPCR_3466_4_L001/fastq2/iPCR_3466_4_L001_chr1_forw.fastq.gz; mv '/DATA/usr/n.klaassen/projects/SuRE_K562/data/processed/SuRE_output/iPCR/iPCR_3466_4_L001/fastq2'/'iPCR_3466_4_L001_chr1'.remap.fq2.gz /DATA/usr/n.klaassen/projects/SuRE_K562/data/processed/SuRE_output/iPCR/iPCR_3466_4_L001/fastq2/iPCR_3466_4_L001_chr1_rev.fastq.gz; 
/bin/bash: activate: No such file or directory

rule iPCR_WASP_find_SNPs:
    input: /DATA/usr/n.klaassen/projects/SuRE_K562/data/processed/SuRE_output/iPCR/iPCR_3336_1/map1_sort/iPCR_3336_1_chr2.bam, /DATA/usr/n.klaassen/projects/SuRE_K562/data/interim/SuRE_SNPs/vcf/SuRE_SNPs
    output: /DATA/usr/n.klaassen/projects/SuRE_K562/data/processed/SuRE_output/iPCR/iPCR_3336_1/fastq2/iPCR_3336_1_chr2_forw.fastq.gz, /DATA/usr/n.klaassen/projects/SuRE_K562/data/processed/SuRE_output/iPCR/iPCR_3336_1/fastq2/iPCR_3336_1_chr2_rev.fastq.gz, /DATA/usr/n.klaassen/projects/SuRE_K562/data/processed/SuRE_output/iPCR/iPCR_3336_1/fastq2/iPCR_3336_1_chr2.keep.bam, /DATA/usr/n.klaassen/projects/SuRE_K562/data/processed/SuRE_output/iPCR/iPCR_3336_1/fastq2/iPCR_3336_1_chr2.to.remap.bam
    jobid: 2513
    reason: Missing output files: /DATA/usr/n.klaassen/projects/SuRE_K562/data/processed/SuRE_output/iPCR/iPCR_3336_1/fastq2/iPCR_3336_1_chr2_rev.fastq.gz, /DATA/usr/n.klaassen/projects/SuRE_K562/data/processed/SuRE_output/iPCR/iPCR_3336_1/fastq2/iPCR_3336_1_chr2.to.remap.bam, /DATA/usr/n.klaassen/projects/SuRE_K562/data/processed/SuRE_output/iPCR/iPCR_3336_1/fastq2/iPCR_3336_1_chr2.keep.bam, /DATA/usr/n.klaassen/projects/SuRE_K562/data/processed/SuRE_output/iPCR/iPCR_3336_1/fastq2/iPCR_3336_1_chr2_forw.fastq.gz
    wildcards: s=iPCR_3336_1, c=chr2

mkdir -p '/DATA/usr/n.klaassen/projects/SuRE_K562/data/processed/SuRE_output/iPCR/iPCR_3336_1/fastq2' ; PYTHONPATH=$PYTHONPATH:/DATA/usr/ludo/projects/LP190816_SuRE_K562_SNP/code/SuRE-WASP-pipeline/code/WASP/mapping python2.7  /DATA/usr/ludo/projects/LP190816_SuRE_K562_SNP/code/SuRE-WASP-pipeline/code/WASP/mapping/find_intersecting_snps.py --is_paired_end --is_sorted --output_dir '/DATA/usr/n.klaassen/projects/SuRE_K562/data/processed/SuRE_output/iPCR/iPCR_3336_1/fastq2' --snp_dir /DATA/usr/n.klaassen/projects/SuRE_K562/data/interim/SuRE_SNPs/vcf/SuRE_SNPs /DATA/usr/n.klaassen/projects/SuRE_K562/data/processed/SuRE_output/iPCR/iPCR_3336_1/map1_sort/iPCR_3336_1_chr2.bam; mv '/DATA/usr/n.klaassen/projects/SuRE_K562/data/processed/SuRE_output/iPCR/iPCR_3336_1/fastq2'/'iPCR_3336_1_chr2'.remap.fq1.gz /DATA/usr/n.klaassen/projects/SuRE_K562/data/processed/SuRE_output/iPCR/iPCR_3336_1/fastq2/iPCR_3336_1_chr2_forw.fastq.gz; mv '/DATA/usr/n.klaassen/projects/SuRE_K562/data/processed/SuRE_output/iPCR/iPCR_3336_1/fastq2'/'iPCR_3336_1_chr2'.remap.fq2.gz /DATA/usr/n.klaassen/projects/SuRE_K562/data/processed/SuRE_output/iPCR/iPCR_3336_1/fastq2/iPCR_3336_1_chr2_rev.fastq.gz; 

rule plDNA:
    input: /home/ludo/projects/LP190816_SuRE_K562_SNP/data/LP20190816_K562_rawData/PL/3419_30_10_30_Sce1_plDNA_SuRE23_PCRrep2_CTGTGTA_L002_R1_001.fastq.gz
    output: /DATA/usr/n.klaassen/projects/SuRE_K562/data/processed/SuRE_output/plDNA/plDNA.2/plDNA.2_trimmed_table.txt.gz
    jobid: 21
    reason: Missing output files: /DATA/usr/n.klaassen/projects/SuRE_K562/data/processed/SuRE_output/plDNA/plDNA.2/plDNA.2_trimmed_table.txt.gz
    wildcards: s=plDNA.2

/bin/bash: activate: No such file or directory
/DATA/usr/ludo/projects/LP190816_SuRE_K562_SNP/code/SuRE-WASP-pipeline/code/cDNA-plDNA-count-BC.bash -l -b 'plDNA.2' -o '/DATA/usr/n.klaassen/projects/SuRE_K562/data/processed/SuRE_output/plDNA/plDNA.2' -a CCTAGCTAACTATAACGGTCCTAAGGTAGCGAA /home/ludo/projects/LP190816_SuRE_K562_SNP/data/LP20190816_K562_rawData/PL/3419_30_10_30_Sce1_plDNA_SuRE23_PCRrep2_CTGTGTA_L002_R1_001.fastq.gz

rule iPCR_WASP_find_SNPs:
    input: /DATA/usr/n.klaassen/projects/SuRE_K562/data/processed/SuRE_output/iPCR/iPCR_3466_6_L002/map1_sort/iPCR_3466_6_L002_chr1.bam, /DATA/usr/n.klaassen/projects/SuRE_K562/data/interim/SuRE_SNPs/vcf/SuRE_SNPs
    output: /DATA/usr/n.klaassen/projects/SuRE_K562/data/processed/SuRE_output/iPCR/iPCR_3466_6_L002/fastq2/iPCR_3466_6_L002_chr1_forw.fastq.gz, /DATA/usr/n.klaassen/projects/SuRE_K562/data/processed/SuRE_output/iPCR/iPCR_3466_6_L002/fastq2/iPCR_3466_6_L002_chr1_rev.fastq.gz, /DATA/usr/n.klaassen/projects/SuRE_K562/data/processed/SuRE_output/iPCR/iPCR_3466_6_L002/fastq2/iPCR_3466_6_L002_chr1.keep.bam, /DATA/usr/n.klaassen/projects/SuRE_K562/data/processed/SuRE_output/iPCR/iPCR_3466_6_L002/fastq2/iPCR_3466_6_L002_chr1.to.remap.bam
    jobid: 2580
    reason: Missing output files: /DATA/usr/n.klaassen/projects/SuRE_K562/data/processed/SuRE_output/iPCR/iPCR_3466_6_L002/fastq2/iPCR_3466_6_L002_chr1_forw.fastq.gz, /DATA/usr/n.klaassen/projects/SuRE_K562/data/processed/SuRE_output/iPCR/iPCR_3466_6_L002/fastq2/iPCR_3466_6_L002_chr1.to.remap.bam, /DATA/usr/n.klaassen/projects/SuRE_K562/data/processed/SuRE_output/iPCR/iPCR_3466_6_L002/fastq2/iPCR_3466_6_L002_chr1.keep.bam, /DATA/usr/n.klaassen/projects/SuRE_K562/data/processed/SuRE_output/iPCR/iPCR_3466_6_L002/fastq2/iPCR_3466_6_L002_chr1_rev.fastq.gz
    wildcards: s=iPCR_3466_6_L002, c=chr1

/bin/bash: activate: No such file or directory
mkdir -p '/DATA/usr/n.klaassen/projects/SuRE_K562/data/processed/SuRE_output/iPCR/iPCR_3466_6_L002/fastq2' ; PYTHONPATH=$PYTHONPATH:/DATA/usr/ludo/projects/LP190816_SuRE_K562_SNP/code/SuRE-WASP-pipeline/code/WASP/mapping python2.7  /DATA/usr/ludo/projects/LP190816_SuRE_K562_SNP/code/SuRE-WASP-pipeline/code/WASP/mapping/find_intersecting_snps.py --is_paired_end --is_sorted --output_dir '/DATA/usr/n.klaassen/projects/SuRE_K562/data/processed/SuRE_output/iPCR/iPCR_3466_6_L002/fastq2' --snp_dir /DATA/usr/n.klaassen/projects/SuRE_K562/data/interim/SuRE_SNPs/vcf/SuRE_SNPs /DATA/usr/n.klaassen/projects/SuRE_K562/data/processed/SuRE_output/iPCR/iPCR_3466_6_L002/map1_sort/iPCR_3466_6_L002_chr1.bam; mv '/DATA/usr/n.klaassen/projects/SuRE_K562/data/processed/SuRE_output/iPCR/iPCR_3466_6_L002/fastq2'/'iPCR_3466_6_L002_chr1'.remap.fq1.gz /DATA/usr/n.klaassen/projects/SuRE_K562/data/processed/SuRE_output/iPCR/iPCR_3466_6_L002/fastq2/iPCR_3466_6_L002_chr1_forw.fastq.gz; mv '/DATA/usr/n.klaassen/projects/SuRE_K562/data/processed/SuRE_output/iPCR/iPCR_3466_6_L002/fastq2'/'iPCR_3466_6_L002_chr1'.remap.fq2.gz /DATA/usr/n.klaassen/projects/SuRE_K562/data/processed/SuRE_output/iPCR/iPCR_3466_6_L002/fastq2/iPCR_3466_6_L002_chr1_rev.fastq.gz; 

rule cDNA:
    input: /home/ludo/projects/LP190816_SuRE_K562_SNP/data/LP20190816_K562_rawData/cDNA/3875_2_16_2_RNA_55_5_K562_SuRE23_PCRrep2_CGATGTA_S64_L008_R1_001.fastq.gz
    output: /DATA/usr/n.klaassen/projects/SuRE_K562/data/processed/SuRE_output/cDNA/SuRE23_55_B2_T2/SuRE23_55_B2_T2_trimmed_table.txt.gz
    jobid: 13
    reason: Missing output files: /DATA/usr/n.klaassen/projects/SuRE_K562/data/processed/SuRE_output/cDNA/SuRE23_55_B2_T2/SuRE23_55_B2_T2_trimmed_table.txt.gz
    wildcards: s=SuRE23_55_B2_T2

/bin/bash: activate: No such file or directory
/bin/bash: activate: No such file or directory
/DATA/usr/ludo/projects/LP190816_SuRE_K562_SNP/code/SuRE-WASP-pipeline/code/cDNA-plDNA-count-BC.bash -l -b 'SuRE23_55_B2_T2' -o '/DATA/usr/n.klaassen/projects/SuRE_K562/data/processed/SuRE_output/cDNA/SuRE23_55_B2_T2' -a CCTAGCTAACTATAACGGTCCTAAGGTAGCGAA /home/ludo/projects/LP190816_SuRE_K562_SNP/data/LP20190816_K562_rawData/cDNA/3875_2_16_2_RNA_55_5_K562_SuRE23_PCRrep2_CGATGTA_S64_L008_R1_001.fastq.gz

rule cDNA:
    input: /home/ludo/projects/LP190816_SuRE_K562_SNP/data/LP20190816_K562_rawData/cDNA/3520_2_12_2_RNA_45_5_K562_SuRE23_TFrep1_PCRrep2_pgcDNA_adapter_2_150604_hg_ACTTGAA_L002_R1_001.fastq.gz
    output: /DATA/usr/n.klaassen/projects/SuRE_K562/data/processed/SuRE_output/cDNA/SuRE23_45_B1_T2/SuRE23_45_B1_T2_trimmed_table.txt.gz
    jobid: 23
    reason: Missing output files: /DATA/usr/n.klaassen/projects/SuRE_K562/data/processed/SuRE_output/cDNA/SuRE23_45_B1_T2/SuRE23_45_B1_T2_trimmed_table.txt.gz
    wildcards: s=SuRE23_45_B1_T2

/DATA/usr/ludo/projects/LP190816_SuRE_K562_SNP/code/SuRE-WASP-pipeline/code/cDNA-plDNA-count-BC.bash -l -b 'SuRE23_45_B1_T2' -o '/DATA/usr/n.klaassen/projects/SuRE_K562/data/processed/SuRE_output/cDNA/SuRE23_45_B1_T2' -a CCTAGCTAACTATAACGGTCCTAAGGTAGCGAA /home/ludo/projects/LP190816_SuRE_K562_SNP/data/LP20190816_K562_rawData/cDNA/3520_2_12_2_RNA_45_5_K562_SuRE23_TFrep1_PCRrep2_pgcDNA_adapter_2_150604_hg_ACTTGAA_L002_R1_001.fastq.gz

rule iPCR_WASP_find_SNPs:
    input: /DATA/usr/n.klaassen/projects/SuRE_K562/data/processed/SuRE_output/iPCR/iPCR_3466_6_L001/map1_sort/iPCR_3466_6_L001_chr1.bam, /DATA/usr/n.klaassen/projects/SuRE_K562/data/interim/SuRE_SNPs/vcf/SuRE_SNPs
    output: /DATA/usr/n.klaassen/projects/SuRE_K562/data/processed/SuRE_output/iPCR/iPCR_3466_6_L001/fastq2/iPCR_3466_6_L001_chr1_forw.fastq.gz, /DATA/usr/n.klaassen/projects/SuRE_K562/data/processed/SuRE_output/iPCR/iPCR_3466_6_L001/fastq2/iPCR_3466_6_L001_chr1_rev.fastq.gz, /DATA/usr/n.klaassen/projects/SuRE_K562/data/processed/SuRE_output/iPCR/iPCR_3466_6_L001/fastq2/iPCR_3466_6_L001_chr1.keep.bam, /DATA/usr/n.klaassen/projects/SuRE_K562/data/processed/SuRE_output/iPCR/iPCR_3466_6_L001/fastq2/iPCR_3466_6_L001_chr1.to.remap.bam
    jobid: 2593
    reason: Missing output files: /DATA/usr/n.klaassen/projects/SuRE_K562/data/processed/SuRE_output/iPCR/iPCR_3466_6_L001/fastq2/iPCR_3466_6_L001_chr1.keep.bam, /DATA/usr/n.klaassen/projects/SuRE_K562/data/processed/SuRE_output/iPCR/iPCR_3466_6_L001/fastq2/iPCR_3466_6_L001_chr1_forw.fastq.gz, /DATA/usr/n.klaassen/projects/SuRE_K562/data/processed/SuRE_output/iPCR/iPCR_3466_6_L001/fastq2/iPCR_3466_6_L001_chr1.to.remap.bam, /DATA/usr/n.klaassen/projects/SuRE_K562/data/processed/SuRE_output/iPCR/iPCR_3466_6_L001/fastq2/iPCR_3466_6_L001_chr1_rev.fastq.gz
    wildcards: s=iPCR_3466_6_L001, c=chr1

/bin/bash: activate: No such file or directory
mkdir -p '/DATA/usr/n.klaassen/projects/SuRE_K562/data/processed/SuRE_output/iPCR/iPCR_3466_6_L001/fastq2' ; PYTHONPATH=$PYTHONPATH:/DATA/usr/ludo/projects/LP190816_SuRE_K562_SNP/code/SuRE-WASP-pipeline/code/WASP/mapping python2.7  /DATA/usr/ludo/projects/LP190816_SuRE_K562_SNP/code/SuRE-WASP-pipeline/code/WASP/mapping/find_intersecting_snps.py --is_paired_end --is_sorted --output_dir '/DATA/usr/n.klaassen/projects/SuRE_K562/data/processed/SuRE_output/iPCR/iPCR_3466_6_L001/fastq2' --snp_dir /DATA/usr/n.klaassen/projects/SuRE_K562/data/interim/SuRE_SNPs/vcf/SuRE_SNPs /DATA/usr/n.klaassen/projects/SuRE_K562/data/processed/SuRE_output/iPCR/iPCR_3466_6_L001/map1_sort/iPCR_3466_6_L001_chr1.bam; mv '/DATA/usr/n.klaassen/projects/SuRE_K562/data/processed/SuRE_output/iPCR/iPCR_3466_6_L001/fastq2'/'iPCR_3466_6_L001_chr1'.remap.fq1.gz /DATA/usr/n.klaassen/projects/SuRE_K562/data/processed/SuRE_output/iPCR/iPCR_3466_6_L001/fastq2/iPCR_3466_6_L001_chr1_forw.fastq.gz; mv '/DATA/usr/n.klaassen/projects/SuRE_K562/data/processed/SuRE_output/iPCR/iPCR_3466_6_L001/fastq2'/'iPCR_3466_6_L001_chr1'.remap.fq2.gz /DATA/usr/n.klaassen/projects/SuRE_K562/data/processed/SuRE_output/iPCR/iPCR_3466_6_L001/fastq2/iPCR_3466_6_L001_chr1_rev.fastq.gz; 

rule cDNA:
    input: /home/ludo/projects/LP190816_SuRE_K562_SNP/data/LP20190816_K562_rawData/cDNA/3875_1_16_1_RNA_55_5_K562_SuRE23_PCRrep1_ATCACGA_S63_L008_R1_001.fastq.gz
    output: /DATA/usr/n.klaassen/projects/SuRE_K562/data/processed/SuRE_output/cDNA/SuRE23_55_B2_T1/SuRE23_55_B2_T1_trimmed_table.txt.gz
    jobid: 8
    reason: Missing output files: /DATA/usr/n.klaassen/projects/SuRE_K562/data/processed/SuRE_output/cDNA/SuRE23_55_B2_T1/SuRE23_55_B2_T1_trimmed_table.txt.gz
    wildcards: s=SuRE23_55_B2_T1

/bin/bash: activate: No such file or directory
/DATA/usr/ludo/projects/LP190816_SuRE_K562_SNP/code/SuRE-WASP-pipeline/code/cDNA-plDNA-count-BC.bash -l -b 'SuRE23_55_B2_T1' -o '/DATA/usr/n.klaassen/projects/SuRE_K562/data/processed/SuRE_output/cDNA/SuRE23_55_B2_T1' -a CCTAGCTAACTATAACGGTCCTAAGGTAGCGAA /home/ludo/projects/LP190816_SuRE_K562_SNP/data/LP20190816_K562_rawData/cDNA/3875_1_16_1_RNA_55_5_K562_SuRE23_PCRrep1_ATCACGA_S63_L008_R1_001.fastq.gz

rule iPCR_WASP_find_SNPs:
    input: /DATA/usr/n.klaassen/projects/SuRE_K562/data/processed/SuRE_output/iPCR/iPCR_3466_4_L002/map1_sort/iPCR_3466_4_L002_chr1.bam, /DATA/usr/n.klaassen/projects/SuRE_K562/data/interim/SuRE_SNPs/vcf/SuRE_SNPs
    output: /DATA/usr/n.klaassen/projects/SuRE_K562/data/processed/SuRE_output/iPCR/iPCR_3466_4_L002/fastq2/iPCR_3466_4_L002_chr1_forw.fastq.gz, /DATA/usr/n.klaassen/projects/SuRE_K562/data/processed/SuRE_output/iPCR/iPCR_3466_4_L002/fastq2/iPCR_3466_4_L002_chr1_rev.fastq.gz, /DATA/usr/n.klaassen/projects/SuRE_K562/data/processed/SuRE_output/iPCR/iPCR_3466_4_L002/fastq2/iPCR_3466_4_L002_chr1.keep.bam, /DATA/usr/n.klaassen/projects/SuRE_K562/data/processed/SuRE_output/iPCR/iPCR_3466_4_L002/fastq2/iPCR_3466_4_L002_chr1.to.remap.bam
    jobid: 2575
    reason: Missing output files: /DATA/usr/n.klaassen/projects/SuRE_K562/data/processed/SuRE_output/iPCR/iPCR_3466_4_L002/fastq2/iPCR_3466_4_L002_chr1_forw.fastq.gz, /DATA/usr/n.klaassen/projects/SuRE_K562/data/processed/SuRE_output/iPCR/iPCR_3466_4_L002/fastq2/iPCR_3466_4_L002_chr1_rev.fastq.gz, /DATA/usr/n.klaassen/projects/SuRE_K562/data/processed/SuRE_output/iPCR/iPCR_3466_4_L002/fastq2/iPCR_3466_4_L002_chr1.keep.bam, /DATA/usr/n.klaassen/projects/SuRE_K562/data/processed/SuRE_output/iPCR/iPCR_3466_4_L002/fastq2/iPCR_3466_4_L002_chr1.to.remap.bam
    wildcards: s=iPCR_3466_4_L002, c=chr1

/bin/bash: activate: No such file or directory
mkdir -p '/DATA/usr/n.klaassen/projects/SuRE_K562/data/processed/SuRE_output/iPCR/iPCR_3466_4_L002/fastq2' ; PYTHONPATH=$PYTHONPATH:/DATA/usr/ludo/projects/LP190816_SuRE_K562_SNP/code/SuRE-WASP-pipeline/code/WASP/mapping python2.7  /DATA/usr/ludo/projects/LP190816_SuRE_K562_SNP/code/SuRE-WASP-pipeline/code/WASP/mapping/find_intersecting_snps.py --is_paired_end --is_sorted --output_dir '/DATA/usr/n.klaassen/projects/SuRE_K562/data/processed/SuRE_output/iPCR/iPCR_3466_4_L002/fastq2' --snp_dir /DATA/usr/n.klaassen/projects/SuRE_K562/data/interim/SuRE_SNPs/vcf/SuRE_SNPs /DATA/usr/n.klaassen/projects/SuRE_K562/data/processed/SuRE_output/iPCR/iPCR_3466_4_L002/map1_sort/iPCR_3466_4_L002_chr1.bam; mv '/DATA/usr/n.klaassen/projects/SuRE_K562/data/processed/SuRE_output/iPCR/iPCR_3466_4_L002/fastq2'/'iPCR_3466_4_L002_chr1'.remap.fq1.gz /DATA/usr/n.klaassen/projects/SuRE_K562/data/processed/SuRE_output/iPCR/iPCR_3466_4_L002/fastq2/iPCR_3466_4_L002_chr1_forw.fastq.gz; mv '/DATA/usr/n.klaassen/projects/SuRE_K562/data/processed/SuRE_output/iPCR/iPCR_3466_4_L002/fastq2'/'iPCR_3466_4_L002_chr1'.remap.fq2.gz /DATA/usr/n.klaassen/projects/SuRE_K562/data/processed/SuRE_output/iPCR/iPCR_3466_4_L002/fastq2/iPCR_3466_4_L002_chr1_rev.fastq.gz; 

rule iPCR_WASP_find_SNPs:
    input: /DATA/usr/n.klaassen/projects/SuRE_K562/data/processed/SuRE_output/iPCR/iPCR_3466_5_L001/map1_sort/iPCR_3466_5_L001_chr1.bam, /DATA/usr/n.klaassen/projects/SuRE_K562/data/interim/SuRE_SNPs/vcf/SuRE_SNPs
    output: /DATA/usr/n.klaassen/projects/SuRE_K562/data/processed/SuRE_output/iPCR/iPCR_3466_5_L001/fastq2/iPCR_3466_5_L001_chr1_forw.fastq.gz, /DATA/usr/n.klaassen/projects/SuRE_K562/data/processed/SuRE_output/iPCR/iPCR_3466_5_L001/fastq2/iPCR_3466_5_L001_chr1_rev.fastq.gz, /DATA/usr/n.klaassen/projects/SuRE_K562/data/processed/SuRE_output/iPCR/iPCR_3466_5_L001/fastq2/iPCR_3466_5_L001_chr1.keep.bam, /DATA/usr/n.klaassen/projects/SuRE_K562/data/processed/SuRE_output/iPCR/iPCR_3466_5_L001/fastq2/iPCR_3466_5_L001_chr1.to.remap.bam
    jobid: 2566
    reason: Missing output files: /DATA/usr/n.klaassen/projects/SuRE_K562/data/processed/SuRE_output/iPCR/iPCR_3466_5_L001/fastq2/iPCR_3466_5_L001_chr1.keep.bam, /DATA/usr/n.klaassen/projects/SuRE_K562/data/processed/SuRE_output/iPCR/iPCR_3466_5_L001/fastq2/iPCR_3466_5_L001_chr1_forw.fastq.gz, /DATA/usr/n.klaassen/projects/SuRE_K562/data/processed/SuRE_output/iPCR/iPCR_3466_5_L001/fastq2/iPCR_3466_5_L001_chr1.to.remap.bam, /DATA/usr/n.klaassen/projects/SuRE_K562/data/processed/SuRE_output/iPCR/iPCR_3466_5_L001/fastq2/iPCR_3466_5_L001_chr1_rev.fastq.gz
    wildcards: s=iPCR_3466_5_L001, c=chr1

/bin/bash: activate: No such file or directory
Traceback (most recent call last):
  File "/DATA/usr/ludo/projects/LP190816_SuRE_K562_SNP/code/SuRE-WASP-pipeline/code/WASP/mapping/find_intersecting_snps.py", line 5, in <module>
    import numpy as np
ImportError: No module named numpy
/bin/bash: activate: No such file or directory
Traceback (most recent call last):
  File "/DATA/usr/ludo/projects/LP190816_SuRE_K562_SNP/code/SuRE-WASP-pipeline/code/WASP/mapping/find_intersecting_snps.py", line 5, in <module>
    import numpy as np
ImportError: No module named numpy
Error in job iPCR_WASP_find_SNPs while creating output files /DATA/usr/n.klaassen/projects/SuRE_K562/data/processed/SuRE_output/iPCR/iPCR_3466_5_L002/fastq2/iPCR_3466_5_L002_chr1_forw.fastq.gz, /DATA/usr/n.klaassen/projects/SuRE_K562/data/processed/SuRE_output/iPCR/iPCR_3466_5_L002/fastq2/iPCR_3466_5_L002_chr1_rev.fastq.gz, /DATA/usr/n.klaassen/projects/SuRE_K562/data/processed/SuRE_output/iPCR/iPCR_3466_5_L002/fastq2/iPCR_3466_5_L002_chr1.keep.bam, /DATA/usr/n.klaassen/projects/SuRE_K562/data/processed/SuRE_output/iPCR/iPCR_3466_5_L002/fastq2/iPCR_3466_5_L002_chr1.to.remap.bam.
RuleException:
CalledProcessError in line 188 of /DATA/usr/ludo/projects/LP190816_SuRE_K562_SNP/code/SuRE-WASP-pipeline/SuRE-snakemake:
Command 'mkdir -p '/DATA/usr/n.klaassen/projects/SuRE_K562/data/processed/SuRE_output/iPCR/iPCR_3466_5_L002/fastq2' ; PYTHONPATH=$PYTHONPATH:/DATA/usr/ludo/projects/LP190816_SuRE_K562_SNP/code/SuRE-WASP-pipeline/code/WASP/mapping python2.7  /DATA/usr/ludo/projects/LP190816_SuRE_K562_SNP/code/SuRE-WASP-pipeline/code/WASP/mapping/find_intersecting_snps.py --is_paired_end --is_sorted --output_dir '/DATA/usr/n.klaassen/projects/SuRE_K562/data/processed/SuRE_output/iPCR/iPCR_3466_5_L002/fastq2' --snp_dir /DATA/usr/n.klaassen/projects/SuRE_K562/data/interim/SuRE_SNPs/vcf/SuRE_SNPs /DATA/usr/n.klaassen/projects/SuRE_K562/data/processed/SuRE_output/iPCR/iPCR_3466_5_L002/map1_sort/iPCR_3466_5_L002_chr1.bam; mv '/DATA/usr/n.klaassen/projects/SuRE_K562/data/processed/SuRE_output/iPCR/iPCR_3466_5_L002/fastq2'/'iPCR_3466_5_L002_chr1'.remap.fq1.gz /DATA/usr/n.klaassen/projects/SuRE_K562/data/processed/SuRE_output/iPCR/iPCR_3466_5_L002/fastq2/iPCR_3466_5_L002_chr1_forw.fastq.gz; mv '/DATA/usr/n.klaassen/projects/SuRE_K562/data/processed/SuRE_output/iPCR/iPCR_3466_5_L002/fastq2'/'iPCR_3466_5_L002_chr1'.remap.fq2.gz /DATA/usr/n.klaassen/projects/SuRE_K562/data/processed/SuRE_output/iPCR/iPCR_3466_5_L002/fastq2/iPCR_3466_5_L002_chr1_rev.fastq.gz; ' returned non-zero exit status 1.
  File "/DATA/usr/ludo/projects/LP190816_SuRE_K562_SNP/code/SuRE-WASP-pipeline/SuRE-snakemake", line 188, in __rule_iPCR_WASP_find_SNPs
  File "/DATA/usr/n.klaassen/miniconda3/envs/K562_SuRE/lib/python3.6/concurrent/futures/thread.py", line 56, in run
Traceback (most recent call last):
  File "/DATA/usr/ludo/projects/LP190816_SuRE_K562_SNP/code/SuRE-WASP-pipeline/code/WASP/mapping/find_intersecting_snps.py", line 5, in <module>
    import numpy as np
ImportError: Traceback (most recent call last):
No module named numpy  File "/DATA/usr/ludo/projects/LP190816_SuRE_K562_SNP/code/SuRE-WASP-pipeline/code/WASP/mapping/find_intersecting_snps.py", line 5, in <module>

    import numpy as np
ImportError: No module named numpy
mkdir -p '/DATA/usr/n.klaassen/projects/SuRE_K562/data/processed/SuRE_output/iPCR/iPCR_3466_5_L001/fastq2' ; PYTHONPATH=$PYTHONPATH:/DATA/usr/ludo/projects/LP190816_SuRE_K562_SNP/code/SuRE-WASP-pipeline/code/WASP/mapping python2.7  /DATA/usr/ludo/projects/LP190816_SuRE_K562_SNP/code/SuRE-WASP-pipeline/code/WASP/mapping/find_intersecting_snps.py --is_paired_end --is_sorted --output_dir '/DATA/usr/n.klaassen/projects/SuRE_K562/data/processed/SuRE_output/iPCR/iPCR_3466_5_L001/fastq2' --snp_dir /DATA/usr/n.klaassen/projects/SuRE_K562/data/interim/SuRE_SNPs/vcf/SuRE_SNPs /DATA/usr/n.klaassen/projects/SuRE_K562/data/processed/SuRE_output/iPCR/iPCR_3466_5_L001/map1_sort/iPCR_3466_5_L001_chr1.bam; mv '/DATA/usr/n.klaassen/projects/SuRE_K562/data/processed/SuRE_output/iPCR/iPCR_3466_5_L001/fastq2'/'iPCR_3466_5_L001_chr1'.remap.fq1.gz /DATA/usr/n.klaassen/projects/SuRE_K562/data/processed/SuRE_output/iPCR/iPCR_3466_5_L001/fastq2/iPCR_3466_5_L001_chr1_forw.fastq.gz; mv '/DATA/usr/n.klaassen/projects/SuRE_K562/data/processed/SuRE_output/iPCR/iPCR_3466_5_L001/fastq2'/'iPCR_3466_5_L001_chr1'.remap.fq2.gz /DATA/usr/n.klaassen/projects/SuRE_K562/data/processed/SuRE_output/iPCR/iPCR_3466_5_L001/fastq2/iPCR_3466_5_L001_chr1_rev.fastq.gz; 
Error in job iPCR_WASP_find_SNPs while creating output files /DATA/usr/n.klaassen/projects/SuRE_K562/data/processed/SuRE_output/iPCR/iPCR_3466_4_L001/fastq2/iPCR_3466_4_L001_chr1_forw.fastq.gz, /DATA/usr/n.klaassen/projects/SuRE_K562/data/processed/SuRE_output/iPCR/iPCR_3466_4_L001/fastq2/iPCR_3466_4_L001_chr1_rev.fastq.gz, /DATA/usr/n.klaassen/projects/SuRE_K562/data/processed/SuRE_output/iPCR/iPCR_3466_4_L001/fastq2/iPCR_3466_4_L001_chr1.keep.bam, /DATA/usr/n.klaassen/projects/SuRE_K562/data/processed/SuRE_output/iPCR/iPCR_3466_4_L001/fastq2/iPCR_3466_4_L001_chr1.to.remap.bam.
Error in job iPCR_WASP_find_SNPs while creating output files /DATA/usr/n.klaassen/projects/SuRE_K562/data/processed/SuRE_output/iPCR/iPCR_3466_6_L002/fastq2/iPCR_3466_6_L002_chr1_forw.fastq.gz, /DATA/usr/n.klaassen/projects/SuRE_K562/data/processed/SuRE_output/iPCR/iPCR_3466_6_L002/fastq2/iPCR_3466_6_L002_chr1_rev.fastq.gz, /DATA/usr/n.klaassen/projects/SuRE_K562/data/processed/SuRE_output/iPCR/iPCR_3466_6_L002/fastq2/iPCR_3466_6_L002_chr1.keep.bam, /DATA/usr/n.klaassen/projects/SuRE_K562/data/processed/SuRE_output/iPCR/iPCR_3466_6_L002/fastq2/iPCR_3466_6_L002_chr1.to.remap.bam.
Error in job iPCR_WASP_find_SNPs while creating output files /DATA/usr/n.klaassen/projects/SuRE_K562/data/processed/SuRE_output/iPCR/iPCR_3336_1/fastq2/iPCR_3336_1_chr2_forw.fastq.gz, /DATA/usr/n.klaassen/projects/SuRE_K562/data/processed/SuRE_output/iPCR/iPCR_3336_1/fastq2/iPCR_3336_1_chr2_rev.fastq.gz, /DATA/usr/n.klaassen/projects/SuRE_K562/data/processed/SuRE_output/iPCR/iPCR_3336_1/fastq2/iPCR_3336_1_chr2.keep.bam, /DATA/usr/n.klaassen/projects/SuRE_K562/data/processed/SuRE_output/iPCR/iPCR_3336_1/fastq2/iPCR_3336_1_chr2.to.remap.bam.
RuleException:
CalledProcessError in line 188 of /DATA/usr/ludo/projects/LP190816_SuRE_K562_SNP/code/SuRE-WASP-pipeline/SuRE-snakemake:
Command 'mkdir -p '/DATA/usr/n.klaassen/projects/SuRE_K562/data/processed/SuRE_output/iPCR/iPCR_3466_4_L001/fastq2' ; PYTHONPATH=$PYTHONPATH:/DATA/usr/ludo/projects/LP190816_SuRE_K562_SNP/code/SuRE-WASP-pipeline/code/WASP/mapping python2.7  /DATA/usr/ludo/projects/LP190816_SuRE_K562_SNP/code/SuRE-WASP-pipeline/code/WASP/mapping/find_intersecting_snps.py --is_paired_end --is_sorted --output_dir '/DATA/usr/n.klaassen/projects/SuRE_K562/data/processed/SuRE_output/iPCR/iPCR_3466_4_L001/fastq2' --snp_dir /DATA/usr/n.klaassen/projects/SuRE_K562/data/interim/SuRE_SNPs/vcf/SuRE_SNPs /DATA/usr/n.klaassen/projects/SuRE_K562/data/processed/SuRE_output/iPCR/iPCR_3466_4_L001/map1_sort/iPCR_3466_4_L001_chr1.bam; mv '/DATA/usr/n.klaassen/projects/SuRE_K562/data/processed/SuRE_output/iPCR/iPCR_3466_4_L001/fastq2'/'iPCR_3466_4_L001_chr1'.remap.fq1.gz /DATA/usr/n.klaassen/projects/SuRE_K562/data/processed/SuRE_output/iPCR/iPCR_3466_4_L001/fastq2/iPCR_3466_4_L001_chr1_forw.fastq.gz; mv '/DATA/usr/n.klaassen/projects/SuRE_K562/data/processed/SuRE_output/iPCR/iPCR_3466_4_L001/fastq2'/'iPCR_3466_4_L001_chr1'.remap.fq2.gz /DATA/usr/n.klaassen/projects/SuRE_K562/data/processed/SuRE_output/iPCR/iPCR_3466_4_L001/fastq2/iPCR_3466_4_L001_chr1_rev.fastq.gz; ' returned non-zero exit status 1.
  File "/DATA/usr/ludo/projects/LP190816_SuRE_K562_SNP/code/SuRE-WASP-pipeline/SuRE-snakemake", line 188, in __rule_iPCR_WASP_find_SNPs
  File "/DATA/usr/n.klaassen/miniconda3/envs/K562_SuRE/lib/python3.6/concurrent/futures/thread.py", line 56, in run
RuleException:
CalledProcessError in line 188 of /DATA/usr/ludo/projects/LP190816_SuRE_K562_SNP/code/SuRE-WASP-pipeline/SuRE-snakemake:
Command 'mkdir -p '/DATA/usr/n.klaassen/projects/SuRE_K562/data/processed/SuRE_output/iPCR/iPCR_3466_6_L002/fastq2' ; PYTHONPATH=$PYTHONPATH:/DATA/usr/ludo/projects/LP190816_SuRE_K562_SNP/code/SuRE-WASP-pipeline/code/WASP/mapping python2.7  /DATA/usr/ludo/projects/LP190816_SuRE_K562_SNP/code/SuRE-WASP-pipeline/code/WASP/mapping/find_intersecting_snps.py --is_paired_end --is_sorted --output_dir '/DATA/usr/n.klaassen/projects/SuRE_K562/data/processed/SuRE_output/iPCR/iPCR_3466_6_L002/fastq2' --snp_dir /DATA/usr/n.klaassen/projects/SuRE_K562/data/interim/SuRE_SNPs/vcf/SuRE_SNPs /DATA/usr/n.klaassen/projects/SuRE_K562/data/processed/SuRE_output/iPCR/iPCR_3466_6_L002/map1_sort/iPCR_3466_6_L002_chr1.bam; mv '/DATA/usr/n.klaassen/projects/SuRE_K562/data/processed/SuRE_output/iPCR/iPCR_3466_6_L002/fastq2'/'iPCR_3466_6_L002_chr1'.remap.fq1.gz /DATA/usr/n.klaassen/projects/SuRE_K562/data/processed/SuRE_output/iPCR/iPCR_3466_6_L002/fastq2/iPCR_3466_6_L002_chr1_forw.fastq.gz; mv '/DATA/usr/n.klaassen/projects/SuRE_K562/data/processed/SuRE_output/iPCR/iPCR_3466_6_L002/fastq2'/'iPCR_3466_6_L002_chr1'.remap.fq2.gz /DATA/usr/n.klaassen/projects/SuRE_K562/data/processed/SuRE_output/iPCR/iPCR_3466_6_L002/fastq2/iPCR_3466_6_L002_chr1_rev.fastq.gz; ' returned non-zero exit status 1.
  File "/DATA/usr/ludo/projects/LP190816_SuRE_K562_SNP/code/SuRE-WASP-pipeline/SuRE-snakemake", line 188, in __rule_iPCR_WASP_find_SNPs
  File "/DATA/usr/n.klaassen/miniconda3/envs/K562_SuRE/lib/python3.6/concurrent/futures/thread.py", line 56, in run
RuleException:
CalledProcessError in line 188 of /DATA/usr/ludo/projects/LP190816_SuRE_K562_SNP/code/SuRE-WASP-pipeline/SuRE-snakemake:
Command 'mkdir -p '/DATA/usr/n.klaassen/projects/SuRE_K562/data/processed/SuRE_output/iPCR/iPCR_3336_1/fastq2' ; PYTHONPATH=$PYTHONPATH:/DATA/usr/ludo/projects/LP190816_SuRE_K562_SNP/code/SuRE-WASP-pipeline/code/WASP/mapping python2.7  /DATA/usr/ludo/projects/LP190816_SuRE_K562_SNP/code/SuRE-WASP-pipeline/code/WASP/mapping/find_intersecting_snps.py --is_paired_end --is_sorted --output_dir '/DATA/usr/n.klaassen/projects/SuRE_K562/data/processed/SuRE_output/iPCR/iPCR_3336_1/fastq2' --snp_dir /DATA/usr/n.klaassen/projects/SuRE_K562/data/interim/SuRE_SNPs/vcf/SuRE_SNPs /DATA/usr/n.klaassen/projects/SuRE_K562/data/processed/SuRE_output/iPCR/iPCR_3336_1/map1_sort/iPCR_3336_1_chr2.bam; mv '/DATA/usr/n.klaassen/projects/SuRE_K562/data/processed/SuRE_output/iPCR/iPCR_3336_1/fastq2'/'iPCR_3336_1_chr2'.remap.fq1.gz /DATA/usr/n.klaassen/projects/SuRE_K562/data/processed/SuRE_output/iPCR/iPCR_3336_1/fastq2/iPCR_3336_1_chr2_forw.fastq.gz; mv '/DATA/usr/n.klaassen/projects/SuRE_K562/data/processed/SuRE_output/iPCR/iPCR_3336_1/fastq2'/'iPCR_3336_1_chr2'.remap.fq2.gz /DATA/usr/n.klaassen/projects/SuRE_K562/data/processed/SuRE_output/iPCR/iPCR_3336_1/fastq2/iPCR_3336_1_chr2_rev.fastq.gz; ' returned non-zero exit status 1.
  File "/DATA/usr/ludo/projects/LP190816_SuRE_K562_SNP/code/SuRE-WASP-pipeline/SuRE-snakemake", line 188, in __rule_iPCR_WASP_find_SNPs
  File "/DATA/usr/n.klaassen/miniconda3/envs/K562_SuRE/lib/python3.6/concurrent/futures/thread.py", line 56, in run

rule iPCR_WASP_find_SNPs:
    input: /DATA/usr/n.klaassen/projects/SuRE_K562/data/processed/SuRE_output/iPCR/iPCR_3336_3/map1_sort/iPCR_3336_3_chr1.bam, /DATA/usr/n.klaassen/projects/SuRE_K562/data/interim/SuRE_SNPs/vcf/SuRE_SNPs
    output: /DATA/usr/n.klaassen/projects/SuRE_K562/data/processed/SuRE_output/iPCR/iPCR_3336_3/fastq2/iPCR_3336_3_chr1_forw.fastq.gz, /DATA/usr/n.klaassen/projects/SuRE_K562/data/processed/SuRE_output/iPCR/iPCR_3336_3/fastq2/iPCR_3336_3_chr1_rev.fastq.gz, /DATA/usr/n.klaassen/projects/SuRE_K562/data/processed/SuRE_output/iPCR/iPCR_3336_3/fastq2/iPCR_3336_3_chr1.keep.bam, /DATA/usr/n.klaassen/projects/SuRE_K562/data/processed/SuRE_output/iPCR/iPCR_3336_3/fastq2/iPCR_3336_3_chr1.to.remap.bam
    jobid: 2585
    reason: Missing output files: /DATA/usr/n.klaassen/projects/SuRE_K562/data/processed/SuRE_output/iPCR/iPCR_3336_3/fastq2/iPCR_3336_3_chr1.to.remap.bam, /DATA/usr/n.klaassen/projects/SuRE_K562/data/processed/SuRE_output/iPCR/iPCR_3336_3/fastq2/iPCR_3336_3_chr1_forw.fastq.gz, /DATA/usr/n.klaassen/projects/SuRE_K562/data/processed/SuRE_output/iPCR/iPCR_3336_3/fastq2/iPCR_3336_3_chr1_rev.fastq.gz, /DATA/usr/n.klaassen/projects/SuRE_K562/data/processed/SuRE_output/iPCR/iPCR_3336_3/fastq2/iPCR_3336_3_chr1.keep.bam
    wildcards: s=iPCR_3336_3, c=chr1

mkdir -p '/DATA/usr/n.klaassen/projects/SuRE_K562/data/processed/SuRE_output/iPCR/iPCR_3336_3/fastq2' ; PYTHONPATH=$PYTHONPATH:/DATA/usr/ludo/projects/LP190816_SuRE_K562_SNP/code/SuRE-WASP-pipeline/code/WASP/mapping python2.7  /DATA/usr/ludo/projects/LP190816_SuRE_K562_SNP/code/SuRE-WASP-pipeline/code/WASP/mapping/find_intersecting_snps.py --is_paired_end --is_sorted --output_dir '/DATA/usr/n.klaassen/projects/SuRE_K562/data/processed/SuRE_output/iPCR/iPCR_3336_3/fastq2' --snp_dir /DATA/usr/n.klaassen/projects/SuRE_K562/data/interim/SuRE_SNPs/vcf/SuRE_SNPs /DATA/usr/n.klaassen/projects/SuRE_K562/data/processed/SuRE_output/iPCR/iPCR_3336_3/map1_sort/iPCR_3336_3_chr1.bam; mv '/DATA/usr/n.klaassen/projects/SuRE_K562/data/processed/SuRE_output/iPCR/iPCR_3336_3/fastq2'/'iPCR_3336_3_chr1'.remap.fq1.gz /DATA/usr/n.klaassen/projects/SuRE_K562/data/processed/SuRE_output/iPCR/iPCR_3336_3/fastq2/iPCR_3336_3_chr1_forw.fastq.gz; mv '/DATA/usr/n.klaassen/projects/SuRE_K562/data/processed/SuRE_output/iPCR/iPCR_3336_3/fastq2'/'iPCR_3336_3_chr1'.remap.fq2.gz /DATA/usr/n.klaassen/projects/SuRE_K562/data/processed/SuRE_output/iPCR/iPCR_3336_3/fastq2/iPCR_3336_3_chr1_rev.fastq.gz; 

rule iPCR_WASP_find_SNPs:
    input: /DATA/usr/n.klaassen/projects/SuRE_K562/data/processed/SuRE_output/iPCR/iPCR_3466_2_L002/map1_sort/iPCR_3466_2_L002_chr1.bam, /DATA/usr/n.klaassen/projects/SuRE_K562/data/interim/SuRE_SNPs/vcf/SuRE_SNPs
    output: /DATA/usr/n.klaassen/projects/SuRE_K562/data/processed/SuRE_output/iPCR/iPCR_3466_2_L002/fastq2/iPCR_3466_2_L002_chr1_forw.fastq.gz, /DATA/usr/n.klaassen/projects/SuRE_K562/data/processed/SuRE_output/iPCR/iPCR_3466_2_L002/fastq2/iPCR_3466_2_L002_chr1_rev.fastq.gz, /DATA/usr/n.klaassen/projects/SuRE_K562/data/processed/SuRE_output/iPCR/iPCR_3466_2_L002/fastq2/iPCR_3466_2_L002_chr1.keep.bam, /DATA/usr/n.klaassen/projects/SuRE_K562/data/processed/SuRE_output/iPCR/iPCR_3466_2_L002/fastq2/iPCR_3466_2_L002_chr1.to.remap.bam
    jobid: 2604
    reason: Missing output files: /DATA/usr/n.klaassen/projects/SuRE_K562/data/processed/SuRE_output/iPCR/iPCR_3466_2_L002/fastq2/iPCR_3466_2_L002_chr1_rev.fastq.gz, /DATA/usr/n.klaassen/projects/SuRE_K562/data/processed/SuRE_output/iPCR/iPCR_3466_2_L002/fastq2/iPCR_3466_2_L002_chr1.to.remap.bam, /DATA/usr/n.klaassen/projects/SuRE_K562/data/processed/SuRE_output/iPCR/iPCR_3466_2_L002/fastq2/iPCR_3466_2_L002_chr1_forw.fastq.gz, /DATA/usr/n.klaassen/projects/SuRE_K562/data/processed/SuRE_output/iPCR/iPCR_3466_2_L002/fastq2/iPCR_3466_2_L002_chr1.keep.bam
    wildcards: s=iPCR_3466_2_L002, c=chr1

mkdir -p '/DATA/usr/n.klaassen/projects/SuRE_K562/data/processed/SuRE_output/iPCR/iPCR_3466_2_L002/fastq2' ; PYTHONPATH=$PYTHONPATH:/DATA/usr/ludo/projects/LP190816_SuRE_K562_SNP/code/SuRE-WASP-pipeline/code/WASP/mapping python2.7  /DATA/usr/ludo/projects/LP190816_SuRE_K562_SNP/code/SuRE-WASP-pipeline/code/WASP/mapping/find_intersecting_snps.py --is_paired_end --is_sorted --output_dir '/DATA/usr/n.klaassen/projects/SuRE_K562/data/processed/SuRE_output/iPCR/iPCR_3466_2_L002/fastq2' --snp_dir /DATA/usr/n.klaassen/projects/SuRE_K562/data/interim/SuRE_SNPs/vcf/SuRE_SNPs /DATA/usr/n.klaassen/projects/SuRE_K562/data/processed/SuRE_output/iPCR/iPCR_3466_2_L002/map1_sort/iPCR_3466_2_L002_chr1.bam; mv '/DATA/usr/n.klaassen/projects/SuRE_K562/data/processed/SuRE_output/iPCR/iPCR_3466_2_L002/fastq2'/'iPCR_3466_2_L002_chr1'.remap.fq1.gz /DATA/usr/n.klaassen/projects/SuRE_K562/data/processed/SuRE_output/iPCR/iPCR_3466_2_L002/fastq2/iPCR_3466_2_L002_chr1_forw.fastq.gz; mv '/DATA/usr/n.klaassen/projects/SuRE_K562/data/processed/SuRE_output/iPCR/iPCR_3466_2_L002/fastq2'/'iPCR_3466_2_L002_chr1'.remap.fq2.gz /DATA/usr/n.klaassen/projects/SuRE_K562/data/processed/SuRE_output/iPCR/iPCR_3466_2_L002/fastq2/iPCR_3466_2_L002_chr1_rev.fastq.gz; 

/bin/bash: activate: No such file or directory
rule cDNA:
    input: /home/ludo/projects/LP190816_SuRE_K562_SNP/data/LP20190816_K562_rawData/cDNA/3520_3_12_3_RNA_45_6_K562_SuRE23_TFrep2_PCRrep1_pgcDNA_adapter_2_150604_hg_GATCAGA_L002_R1_001.fastq.gz
    output: /DATA/usr/n.klaassen/projects/SuRE_K562/data/processed/SuRE_output/cDNA/SuRE23_45_B1_T3/SuRE23_45_B1_T3_trimmed_table.txt.gz
    jobid: 6
    reason: Missing output files: /DATA/usr/n.klaassen/projects/SuRE_K562/data/processed/SuRE_output/cDNA/SuRE23_45_B1_T3/SuRE23_45_B1_T3_trimmed_table.txt.gz
    wildcards: s=SuRE23_45_B1_T3

/DATA/usr/ludo/projects/LP190816_SuRE_K562_SNP/code/SuRE-WASP-pipeline/code/cDNA-plDNA-count-BC.bash -l -b 'SuRE23_45_B1_T3' -o '/DATA/usr/n.klaassen/projects/SuRE_K562/data/processed/SuRE_output/cDNA/SuRE23_45_B1_T3' -a CCTAGCTAACTATAACGGTCCTAAGGTAGCGAA /home/ludo/projects/LP190816_SuRE_K562_SNP/data/LP20190816_K562_rawData/cDNA/3520_3_12_3_RNA_45_6_K562_SuRE23_TFrep2_PCRrep1_pgcDNA_adapter_2_150604_hg_GATCAGA_L002_R1_001.fastq.gz
/bin/bash: activate: No such file or directory

rule plDNA:
    input: /home/ludo/projects/LP190816_SuRE_K562_SNP/data/LP20190816_K562_rawData/PL/3419_29_10_29_Sce1_plDNA_SuRE23_PCRrep1_TACCTTA_L002_R1_001.fastq.gz
    output: /DATA/usr/n.klaassen/projects/SuRE_K562/data/processed/SuRE_output/plDNA/plDNA.1/plDNA.1_trimmed_table.txt.gz
    jobid: 30
    reason: Missing output files: /DATA/usr/n.klaassen/projects/SuRE_K562/data/processed/SuRE_output/plDNA/plDNA.1/plDNA.1_trimmed_table.txt.gz
    wildcards: s=plDNA.1

/DATA/usr/ludo/projects/LP190816_SuRE_K562_SNP/code/SuRE-WASP-pipeline/code/cDNA-plDNA-count-BC.bash -l -b 'plDNA.1' -o '/DATA/usr/n.klaassen/projects/SuRE_K562/data/processed/SuRE_output/plDNA/plDNA.1' -a CCTAGCTAACTATAACGGTCCTAAGGTAGCGAA /home/ludo/projects/LP190816_SuRE_K562_SNP/data/LP20190816_K562_rawData/PL/3419_29_10_29_Sce1_plDNA_SuRE23_PCRrep1_TACCTTA_L002_R1_001.fastq.gz
/bin/bash: activate: No such file or directory
/bin/bash: activate: No such file or directory
Traceback (most recent call last):
  File "/DATA/usr/ludo/projects/LP190816_SuRE_K562_SNP/code/SuRE-WASP-pipeline/code/WASP/mapping/find_intersecting_snps.py", line 5, in <module>
    import numpy as np
ImportError: No module named numpy
Error in job iPCR_WASP_find_SNPs while creating output files /DATA/usr/n.klaassen/projects/SuRE_K562/data/processed/SuRE_output/iPCR/iPCR_3466_6_L001/fastq2/iPCR_3466_6_L001_chr1_forw.fastq.gz, /DATA/usr/n.klaassen/projects/SuRE_K562/data/processed/SuRE_output/iPCR/iPCR_3466_6_L001/fastq2/iPCR_3466_6_L001_chr1_rev.fastq.gz, /DATA/usr/n.klaassen/projects/SuRE_K562/data/processed/SuRE_output/iPCR/iPCR_3466_6_L001/fastq2/iPCR_3466_6_L001_chr1.keep.bam, /DATA/usr/n.klaassen/projects/SuRE_K562/data/processed/SuRE_output/iPCR/iPCR_3466_6_L001/fastq2/iPCR_3466_6_L001_chr1.to.remap.bam.
RuleException:
CalledProcessError in line 188 of /DATA/usr/ludo/projects/LP190816_SuRE_K562_SNP/code/SuRE-WASP-pipeline/SuRE-snakemake:
Command 'mkdir -p '/DATA/usr/n.klaassen/projects/SuRE_K562/data/processed/SuRE_output/iPCR/iPCR_3466_6_L001/fastq2' ; PYTHONPATH=$PYTHONPATH:/DATA/usr/ludo/projects/LP190816_SuRE_K562_SNP/code/SuRE-WASP-pipeline/code/WASP/mapping python2.7  /DATA/usr/ludo/projects/LP190816_SuRE_K562_SNP/code/SuRE-WASP-pipeline/code/WASP/mapping/find_intersecting_snps.py --is_paired_end --is_sorted --output_dir '/DATA/usr/n.klaassen/projects/SuRE_K562/data/processed/SuRE_output/iPCR/iPCR_3466_6_L001/fastq2' --snp_dir /DATA/usr/n.klaassen/projects/SuRE_K562/data/interim/SuRE_SNPs/vcf/SuRE_SNPs /DATA/usr/n.klaassen/projects/SuRE_K562/data/processed/SuRE_output/iPCR/iPCR_3466_6_L001/map1_sort/iPCR_3466_6_L001_chr1.bam; mv '/DATA/usr/n.klaassen/projects/SuRE_K562/data/processed/SuRE_output/iPCR/iPCR_3466_6_L001/fastq2'/'iPCR_3466_6_L001_chr1'.remap.fq1.gz /DATA/usr/n.klaassen/projects/SuRE_K562/data/processed/SuRE_output/iPCR/iPCR_3466_6_L001/fastq2/iPCR_3466_6_L001_chr1_forw.fastq.gz; mv '/DATA/usr/n.klaassen/projects/SuRE_K562/data/processed/SuRE_output/iPCR/iPCR_3466_6_L001/fastq2'/'iPCR_3466_6_L001_chr1'.remap.fq2.gz /DATA/usr/n.klaassen/projects/SuRE_K562/data/processed/SuRE_output/iPCR/iPCR_3466_6_L001/fastq2/iPCR_3466_6_L001_chr1_rev.fastq.gz; ' returned non-zero exit status 1.
  File "/DATA/usr/ludo/projects/LP190816_SuRE_K562_SNP/code/SuRE-WASP-pipeline/SuRE-snakemake", line 188, in __rule_iPCR_WASP_find_SNPs
  File "/DATA/usr/n.klaassen/miniconda3/envs/K562_SuRE/lib/python3.6/concurrent/futures/thread.py", line 56, in run
Traceback (most recent call last):
  File "/DATA/usr/ludo/projects/LP190816_SuRE_K562_SNP/code/SuRE-WASP-pipeline/code/WASP/mapping/find_intersecting_snps.py", line 5, in <module>
    import numpy as np
ImportError: No module named numpy
Error in job iPCR_WASP_find_SNPs while creating output files /DATA/usr/n.klaassen/projects/SuRE_K562/data/processed/SuRE_output/iPCR/iPCR_3466_4_L002/fastq2/iPCR_3466_4_L002_chr1_forw.fastq.gz, /DATA/usr/n.klaassen/projects/SuRE_K562/data/processed/SuRE_output/iPCR/iPCR_3466_4_L002/fastq2/iPCR_3466_4_L002_chr1_rev.fastq.gz, /DATA/usr/n.klaassen/projects/SuRE_K562/data/processed/SuRE_output/iPCR/iPCR_3466_4_L002/fastq2/iPCR_3466_4_L002_chr1.keep.bam, /DATA/usr/n.klaassen/projects/SuRE_K562/data/processed/SuRE_output/iPCR/iPCR_3466_4_L002/fastq2/iPCR_3466_4_L002_chr1.to.remap.bam.
Traceback (most recent call last):
  File "/DATA/usr/ludo/projects/LP190816_SuRE_K562_SNP/code/SuRE-WASP-pipeline/code/WASP/mapping/find_intersecting_snps.py", line 5, in <module>
    import numpy as np
ImportError: No module named numpy
RuleException:
CalledProcessError in line 188 of /DATA/usr/ludo/projects/LP190816_SuRE_K562_SNP/code/SuRE-WASP-pipeline/SuRE-snakemake:
Command 'mkdir -p '/DATA/usr/n.klaassen/projects/SuRE_K562/data/processed/SuRE_output/iPCR/iPCR_3466_4_L002/fastq2' ; PYTHONPATH=$PYTHONPATH:/DATA/usr/ludo/projects/LP190816_SuRE_K562_SNP/code/SuRE-WASP-pipeline/code/WASP/mapping python2.7  /DATA/usr/ludo/projects/LP190816_SuRE_K562_SNP/code/SuRE-WASP-pipeline/code/WASP/mapping/find_intersecting_snps.py --is_paired_end --is_sorted --output_dir '/DATA/usr/n.klaassen/projects/SuRE_K562/data/processed/SuRE_output/iPCR/iPCR_3466_4_L002/fastq2' --snp_dir /DATA/usr/n.klaassen/projects/SuRE_K562/data/interim/SuRE_SNPs/vcf/SuRE_SNPs /DATA/usr/n.klaassen/projects/SuRE_K562/data/processed/SuRE_output/iPCR/iPCR_3466_4_L002/map1_sort/iPCR_3466_4_L002_chr1.bam; mv '/DATA/usr/n.klaassen/projects/SuRE_K562/data/processed/SuRE_output/iPCR/iPCR_3466_4_L002/fastq2'/'iPCR_3466_4_L002_chr1'.remap.fq1.gz /DATA/usr/n.klaassen/projects/SuRE_K562/data/processed/SuRE_output/iPCR/iPCR_3466_4_L002/fastq2/iPCR_3466_4_L002_chr1_forw.fastq.gz; mv '/DATA/usr/n.klaassen/projects/SuRE_K562/data/processed/SuRE_output/iPCR/iPCR_3466_4_L002/fastq2'/'iPCR_3466_4_L002_chr1'.remap.fq2.gz /DATA/usr/n.klaassen/projects/SuRE_K562/data/processed/SuRE_output/iPCR/iPCR_3466_4_L002/fastq2/iPCR_3466_4_L002_chr1_rev.fastq.gz; ' returned non-zero exit status 1.
  File "/DATA/usr/ludo/projects/LP190816_SuRE_K562_SNP/code/SuRE-WASP-pipeline/SuRE-snakemake", line 188, in __rule_iPCR_WASP_find_SNPs
  File "/DATA/usr/n.klaassen/miniconda3/envs/K562_SuRE/lib/python3.6/concurrent/futures/thread.py", line 56, in run

rule iPCR_WASP_find_SNPs:
    input: /DATA/usr/n.klaassen/projects/SuRE_K562/data/processed/SuRE_output/iPCR/iPCR_3466_3_L002/map1_sort/iPCR_3466_3_L002_chr1.bam, /DATA/usr/n.klaassen/projects/SuRE_K562/data/interim/SuRE_SNPs/vcf/SuRE_SNPs
    output: /DATA/usr/n.klaassen/projects/SuRE_K562/data/processed/SuRE_output/iPCR/iPCR_3466_3_L002/fastq2/iPCR_3466_3_L002_chr1_forw.fastq.gz, /DATA/usr/n.klaassen/projects/SuRE_K562/data/processed/SuRE_output/iPCR/iPCR_3466_3_L002/fastq2/iPCR_3466_3_L002_chr1_rev.fastq.gz, /DATA/usr/n.klaassen/projects/SuRE_K562/data/processed/SuRE_output/iPCR/iPCR_3466_3_L002/fastq2/iPCR_3466_3_L002_chr1.keep.bam, /DATA/usr/n.klaassen/projects/SuRE_K562/data/processed/SuRE_output/iPCR/iPCR_3466_3_L002/fastq2/iPCR_3466_3_L002_chr1.to.remap.bam
    jobid: 2589
    reason: Missing output files: /DATA/usr/n.klaassen/projects/SuRE_K562/data/processed/SuRE_output/iPCR/iPCR_3466_3_L002/fastq2/iPCR_3466_3_L002_chr1_rev.fastq.gz, /DATA/usr/n.klaassen/projects/SuRE_K562/data/processed/SuRE_output/iPCR/iPCR_3466_3_L002/fastq2/iPCR_3466_3_L002_chr1.to.remap.bam, /DATA/usr/n.klaassen/projects/SuRE_K562/data/processed/SuRE_output/iPCR/iPCR_3466_3_L002/fastq2/iPCR_3466_3_L002_chr1_forw.fastq.gz, /DATA/usr/n.klaassen/projects/SuRE_K562/data/processed/SuRE_output/iPCR/iPCR_3466_3_L002/fastq2/iPCR_3466_3_L002_chr1.keep.bam
    wildcards: s=iPCR_3466_3_L002, c=chr1

Traceback (most recent call last):
  File "/DATA/usr/ludo/projects/LP190816_SuRE_K562_SNP/code/SuRE-WASP-pipeline/code/WASP/mapping/find_intersecting_snps.py", line 5, in <module>
    import numpy as np
ImportError: No module named numpy
mkdir -p '/DATA/usr/n.klaassen/projects/SuRE_K562/data/processed/SuRE_output/iPCR/iPCR_3466_3_L002/fastq2' ; PYTHONPATH=$PYTHONPATH:/DATA/usr/ludo/projects/LP190816_SuRE_K562_SNP/code/SuRE-WASP-pipeline/code/WASP/mapping python2.7  /DATA/usr/ludo/projects/LP190816_SuRE_K562_SNP/code/SuRE-WASP-pipeline/code/WASP/mapping/find_intersecting_snps.py --is_paired_end --is_sorted --output_dir '/DATA/usr/n.klaassen/projects/SuRE_K562/data/processed/SuRE_output/iPCR/iPCR_3466_3_L002/fastq2' --snp_dir /DATA/usr/n.klaassen/projects/SuRE_K562/data/interim/SuRE_SNPs/vcf/SuRE_SNPs /DATA/usr/n.klaassen/projects/SuRE_K562/data/processed/SuRE_output/iPCR/iPCR_3466_3_L002/map1_sort/iPCR_3466_3_L002_chr1.bam; mv '/DATA/usr/n.klaassen/projects/SuRE_K562/data/processed/SuRE_output/iPCR/iPCR_3466_3_L002/fastq2'/'iPCR_3466_3_L002_chr1'.remap.fq1.gz /DATA/usr/n.klaassen/projects/SuRE_K562/data/processed/SuRE_output/iPCR/iPCR_3466_3_L002/fastq2/iPCR_3466_3_L002_chr1_forw.fastq.gz; mv '/DATA/usr/n.klaassen/projects/SuRE_K562/data/processed/SuRE_output/iPCR/iPCR_3466_3_L002/fastq2'/'iPCR_3466_3_L002_chr1'.remap.fq2.gz /DATA/usr/n.klaassen/projects/SuRE_K562/data/processed/SuRE_output/iPCR/iPCR_3466_3_L002/fastq2/iPCR_3466_3_L002_chr1_rev.fastq.gz; 
Error in job iPCR_WASP_find_SNPs while creating output files /DATA/usr/n.klaassen/projects/SuRE_K562/data/processed/SuRE_output/iPCR/iPCR_3466_2_L002/fastq2/iPCR_3466_2_L002_chr1_forw.fastq.gz, /DATA/usr/n.klaassen/projects/SuRE_K562/data/processed/SuRE_output/iPCR/iPCR_3466_2_L002/fastq2/iPCR_3466_2_L002_chr1_rev.fastq.gz, /DATA/usr/n.klaassen/projects/SuRE_K562/data/processed/SuRE_output/iPCR/iPCR_3466_2_L002/fastq2/iPCR_3466_2_L002_chr1.keep.bam, /DATA/usr/n.klaassen/projects/SuRE_K562/data/processed/SuRE_output/iPCR/iPCR_3466_2_L002/fastq2/iPCR_3466_2_L002_chr1.to.remap.bam.
RuleException:
CalledProcessError in line 188 of /DATA/usr/ludo/projects/LP190816_SuRE_K562_SNP/code/SuRE-WASP-pipeline/SuRE-snakemake:
Command 'mkdir -p '/DATA/usr/n.klaassen/projects/SuRE_K562/data/processed/SuRE_output/iPCR/iPCR_3466_2_L002/fastq2' ; PYTHONPATH=$PYTHONPATH:/DATA/usr/ludo/projects/LP190816_SuRE_K562_SNP/code/SuRE-WASP-pipeline/code/WASP/mapping python2.7  /DATA/usr/ludo/projects/LP190816_SuRE_K562_SNP/code/SuRE-WASP-pipeline/code/WASP/mapping/find_intersecting_snps.py --is_paired_end --is_sorted --output_dir '/DATA/usr/n.klaassen/projects/SuRE_K562/data/processed/SuRE_output/iPCR/iPCR_3466_2_L002/fastq2' --snp_dir /DATA/usr/n.klaassen/projects/SuRE_K562/data/interim/SuRE_SNPs/vcf/SuRE_SNPs /DATA/usr/n.klaassen/projects/SuRE_K562/data/processed/SuRE_output/iPCR/iPCR_3466_2_L002/map1_sort/iPCR_3466_2_L002_chr1.bam; mv '/DATA/usr/n.klaassen/projects/SuRE_K562/data/processed/SuRE_output/iPCR/iPCR_3466_2_L002/fastq2'/'iPCR_3466_2_L002_chr1'.remap.fq1.gz /DATA/usr/n.klaassen/projects/SuRE_K562/data/processed/SuRE_output/iPCR/iPCR_3466_2_L002/fastq2/iPCR_3466_2_L002_chr1_forw.fastq.gz; mv '/DATA/usr/n.klaassen/projects/SuRE_K562/data/processed/SuRE_output/iPCR/iPCR_3466_2_L002/fastq2'/'iPCR_3466_2_L002_chr1'.remap.fq2.gz /DATA/usr/n.klaassen/projects/SuRE_K562/data/processed/SuRE_output/iPCR/iPCR_3466_2_L002/fastq2/iPCR_3466_2_L002_chr1_rev.fastq.gz; ' returned non-zero exit status 1.
  File "/DATA/usr/ludo/projects/LP190816_SuRE_K562_SNP/code/SuRE-WASP-pipeline/SuRE-snakemake", line 188, in __rule_iPCR_WASP_find_SNPs
  File "/DATA/usr/n.klaassen/miniconda3/envs/K562_SuRE/lib/python3.6/concurrent/futures/thread.py", line 56, in run
/bin/bash: activate: No such file or directory
Error in job iPCR_WASP_find_SNPs while creating output files /DATA/usr/n.klaassen/projects/SuRE_K562/data/processed/SuRE_output/iPCR/iPCR_3336_3/fastq2/iPCR_3336_3_chr1_forw.fastq.gz, /DATA/usr/n.klaassen/projects/SuRE_K562/data/processed/SuRE_output/iPCR/iPCR_3336_3/fastq2/iPCR_3336_3_chr1_rev.fastq.gz, /DATA/usr/n.klaassen/projects/SuRE_K562/data/processed/SuRE_output/iPCR/iPCR_3336_3/fastq2/iPCR_3336_3_chr1.keep.bam, /DATA/usr/n.klaassen/projects/SuRE_K562/data/processed/SuRE_output/iPCR/iPCR_3336_3/fastq2/iPCR_3336_3_chr1.to.remap.bam.
RuleException:
CalledProcessError in line 188 of /DATA/usr/ludo/projects/LP190816_SuRE_K562_SNP/code/SuRE-WASP-pipeline/SuRE-snakemake:
Command 'mkdir -p '/DATA/usr/n.klaassen/projects/SuRE_K562/data/processed/SuRE_output/iPCR/iPCR_3336_3/fastq2' ; PYTHONPATH=$PYTHONPATH:/DATA/usr/ludo/projects/LP190816_SuRE_K562_SNP/code/SuRE-WASP-pipeline/code/WASP/mapping python2.7  /DATA/usr/ludo/projects/LP190816_SuRE_K562_SNP/code/SuRE-WASP-pipeline/code/WASP/mapping/find_intersecting_snps.py --is_paired_end --is_sorted --output_dir '/DATA/usr/n.klaassen/projects/SuRE_K562/data/processed/SuRE_output/iPCR/iPCR_3336_3/fastq2' --snp_dir /DATA/usr/n.klaassen/projects/SuRE_K562/data/interim/SuRE_SNPs/vcf/SuRE_SNPs /DATA/usr/n.klaassen/projects/SuRE_K562/data/processed/SuRE_output/iPCR/iPCR_3336_3/map1_sort/iPCR_3336_3_chr1.bam; mv '/DATA/usr/n.klaassen/projects/SuRE_K562/data/processed/SuRE_output/iPCR/iPCR_3336_3/fastq2'/'iPCR_3336_3_chr1'.remap.fq1.gz /DATA/usr/n.klaassen/projects/SuRE_K562/data/processed/SuRE_output/iPCR/iPCR_3336_3/fastq2/iPCR_3336_3_chr1_forw.fastq.gz; mv '/DATA/usr/n.klaassen/projects/SuRE_K562/data/processed/SuRE_output/iPCR/iPCR_3336_3/fastq2'/'iPCR_3336_3_chr1'.remap.fq2.gz /DATA/usr/n.klaassen/projects/SuRE_K562/data/processed/SuRE_output/iPCR/iPCR_3336_3/fastq2/iPCR_3336_3_chr1_rev.fastq.gz; ' returned non-zero exit status 1.
  File "/DATA/usr/ludo/projects/LP190816_SuRE_K562_SNP/code/SuRE-WASP-pipeline/SuRE-snakemake", line 188, in __rule_iPCR_WASP_find_SNPs
  File "/DATA/usr/n.klaassen/miniconda3/envs/K562_SuRE/lib/python3.6/concurrent/futures/thread.py", line 56, in run

rule iPCR_WASP_find_SNPs:
    input: /DATA/usr/n.klaassen/projects/SuRE_K562/data/processed/SuRE_output/iPCR/iPCR_3336_5/map1_sort/iPCR_3336_5_chr1.bam, /DATA/usr/n.klaassen/projects/SuRE_K562/data/interim/SuRE_SNPs/vcf/SuRE_SNPs
    output: /DATA/usr/n.klaassen/projects/SuRE_K562/data/processed/SuRE_output/iPCR/iPCR_3336_5/fastq2/iPCR_3336_5_chr1_forw.fastq.gz, /DATA/usr/n.klaassen/projects/SuRE_K562/data/processed/SuRE_output/iPCR/iPCR_3336_5/fastq2/iPCR_3336_5_chr1_rev.fastq.gz, /DATA/usr/n.klaassen/projects/SuRE_K562/data/processed/SuRE_output/iPCR/iPCR_3336_5/fastq2/iPCR_3336_5_chr1.keep.bam, /DATA/usr/n.klaassen/projects/SuRE_K562/data/processed/SuRE_output/iPCR/iPCR_3336_5/fastq2/iPCR_3336_5_chr1.to.remap.bam
    jobid: 2601
    reason: Missing output files: /DATA/usr/n.klaassen/projects/SuRE_K562/data/processed/SuRE_output/iPCR/iPCR_3336_5/fastq2/iPCR_3336_5_chr1.to.remap.bam, /DATA/usr/n.klaassen/projects/SuRE_K562/data/processed/SuRE_output/iPCR/iPCR_3336_5/fastq2/iPCR_3336_5_chr1_forw.fastq.gz, /DATA/usr/n.klaassen/projects/SuRE_K562/data/processed/SuRE_output/iPCR/iPCR_3336_5/fastq2/iPCR_3336_5_chr1.keep.bam, /DATA/usr/n.klaassen/projects/SuRE_K562/data/processed/SuRE_output/iPCR/iPCR_3336_5/fastq2/iPCR_3336_5_chr1_rev.fastq.gz
    wildcards: s=iPCR_3336_5, c=chr1

/bin/bash: activate: No such file or directory
mkdir -p '/DATA/usr/n.klaassen/projects/SuRE_K562/data/processed/SuRE_output/iPCR/iPCR_3336_5/fastq2' ; PYTHONPATH=$PYTHONPATH:/DATA/usr/ludo/projects/LP190816_SuRE_K562_SNP/code/SuRE-WASP-pipeline/code/WASP/mapping python2.7  /DATA/usr/ludo/projects/LP190816_SuRE_K562_SNP/code/SuRE-WASP-pipeline/code/WASP/mapping/find_intersecting_snps.py --is_paired_end --is_sorted --output_dir '/DATA/usr/n.klaassen/projects/SuRE_K562/data/processed/SuRE_output/iPCR/iPCR_3336_5/fastq2' --snp_dir /DATA/usr/n.klaassen/projects/SuRE_K562/data/interim/SuRE_SNPs/vcf/SuRE_SNPs /DATA/usr/n.klaassen/projects/SuRE_K562/data/processed/SuRE_output/iPCR/iPCR_3336_5/map1_sort/iPCR_3336_5_chr1.bam; mv '/DATA/usr/n.klaassen/projects/SuRE_K562/data/processed/SuRE_output/iPCR/iPCR_3336_5/fastq2'/'iPCR_3336_5_chr1'.remap.fq1.gz /DATA/usr/n.klaassen/projects/SuRE_K562/data/processed/SuRE_output/iPCR/iPCR_3336_5/fastq2/iPCR_3336_5_chr1_forw.fastq.gz; mv '/DATA/usr/n.klaassen/projects/SuRE_K562/data/processed/SuRE_output/iPCR/iPCR_3336_5/fastq2'/'iPCR_3336_5_chr1'.remap.fq2.gz /DATA/usr/n.klaassen/projects/SuRE_K562/data/processed/SuRE_output/iPCR/iPCR_3336_5/fastq2/iPCR_3336_5_chr1_rev.fastq.gz; 

rule iPCR_WASP_find_SNPs:
    input: /DATA/usr/n.klaassen/projects/SuRE_K562/data/processed/SuRE_output/iPCR/iPCR_3336_4/map1_sort/iPCR_3336_4_chr1.bam, /DATA/usr/n.klaassen/projects/SuRE_K562/data/interim/SuRE_SNPs/vcf/SuRE_SNPs
    output: /DATA/usr/n.klaassen/projects/SuRE_K562/data/processed/SuRE_output/iPCR/iPCR_3336_4/fastq2/iPCR_3336_4_chr1_forw.fastq.gz, /DATA/usr/n.klaassen/projects/SuRE_K562/data/processed/SuRE_output/iPCR/iPCR_3336_4/fastq2/iPCR_3336_4_chr1_rev.fastq.gz, /DATA/usr/n.klaassen/projects/SuRE_K562/data/processed/SuRE_output/iPCR/iPCR_3336_4/fastq2/iPCR_3336_4_chr1.keep.bam, /DATA/usr/n.klaassen/projects/SuRE_K562/data/processed/SuRE_output/iPCR/iPCR_3336_4/fastq2/iPCR_3336_4_chr1.to.remap.bam
    jobid: 2576
    reason: Missing output files: /DATA/usr/n.klaassen/projects/SuRE_K562/data/processed/SuRE_output/iPCR/iPCR_3336_4/fastq2/iPCR_3336_4_chr1.keep.bam, /DATA/usr/n.klaassen/projects/SuRE_K562/data/processed/SuRE_output/iPCR/iPCR_3336_4/fastq2/iPCR_3336_4_chr1_forw.fastq.gz, /DATA/usr/n.klaassen/projects/SuRE_K562/data/processed/SuRE_output/iPCR/iPCR_3336_4/fastq2/iPCR_3336_4_chr1_rev.fastq.gz, /DATA/usr/n.klaassen/projects/SuRE_K562/data/processed/SuRE_output/iPCR/iPCR_3336_4/fastq2/iPCR_3336_4_chr1.to.remap.bam
    wildcards: s=iPCR_3336_4, c=chr1

mkdir -p '/DATA/usr/n.klaassen/projects/SuRE_K562/data/processed/SuRE_output/iPCR/iPCR_3336_4/fastq2' ; PYTHONPATH=$PYTHONPATH:/DATA/usr/ludo/projects/LP190816_SuRE_K562_SNP/code/SuRE-WASP-pipeline/code/WASP/mapping python2.7  /DATA/usr/ludo/projects/LP190816_SuRE_K562_SNP/code/SuRE-WASP-pipeline/code/WASP/mapping/find_intersecting_snps.py --is_paired_end --is_sorted --output_dir '/DATA/usr/n.klaassen/projects/SuRE_K562/data/processed/SuRE_output/iPCR/iPCR_3336_4/fastq2' --snp_dir /DATA/usr/n.klaassen/projects/SuRE_K562/data/interim/SuRE_SNPs/vcf/SuRE_SNPs /DATA/usr/n.klaassen/projects/SuRE_K562/data/processed/SuRE_output/iPCR/iPCR_3336_4/map1_sort/iPCR_3336_4_chr1.bam; mv '/DATA/usr/n.klaassen/projects/SuRE_K562/data/processed/SuRE_output/iPCR/iPCR_3336_4/fastq2'/'iPCR_3336_4_chr1'.remap.fq1.gz /DATA/usr/n.klaassen/projects/SuRE_K562/data/processed/SuRE_output/iPCR/iPCR_3336_4/fastq2/iPCR_3336_4_chr1_forw.fastq.gz; mv '/DATA/usr/n.klaassen/projects/SuRE_K562/data/processed/SuRE_output/iPCR/iPCR_3336_4/fastq2'/'iPCR_3336_4_chr1'.remap.fq2.gz /DATA/usr/n.klaassen/projects/SuRE_K562/data/processed/SuRE_output/iPCR/iPCR_3336_4/fastq2/iPCR_3336_4_chr1_rev.fastq.gz; 
/bin/bash: activate: No such file or directory

rule iPCR_WASP_find_SNPs:
    input: /DATA/usr/n.klaassen/projects/SuRE_K562/data/processed/SuRE_output/iPCR/iPCR_3336_5/map1_sort/iPCR_3336_5_chr2.bam, /DATA/usr/n.klaassen/projects/SuRE_K562/data/interim/SuRE_SNPs/vcf/SuRE_SNPs
    output: /DATA/usr/n.klaassen/projects/SuRE_K562/data/processed/SuRE_output/iPCR/iPCR_3336_5/fastq2/iPCR_3336_5_chr2_forw.fastq.gz, /DATA/usr/n.klaassen/projects/SuRE_K562/data/processed/SuRE_output/iPCR/iPCR_3336_5/fastq2/iPCR_3336_5_chr2_rev.fastq.gz, /DATA/usr/n.klaassen/projects/SuRE_K562/data/processed/SuRE_output/iPCR/iPCR_3336_5/fastq2/iPCR_3336_5_chr2.keep.bam, /DATA/usr/n.klaassen/projects/SuRE_K562/data/processed/SuRE_output/iPCR/iPCR_3336_5/fastq2/iPCR_3336_5_chr2.to.remap.bam
    jobid: 2515
    reason: Missing output files: /DATA/usr/n.klaassen/projects/SuRE_K562/data/processed/SuRE_output/iPCR/iPCR_3336_5/fastq2/iPCR_3336_5_chr2.keep.bam, /DATA/usr/n.klaassen/projects/SuRE_K562/data/processed/SuRE_output/iPCR/iPCR_3336_5/fastq2/iPCR_3336_5_chr2.to.remap.bam, /DATA/usr/n.klaassen/projects/SuRE_K562/data/processed/SuRE_output/iPCR/iPCR_3336_5/fastq2/iPCR_3336_5_chr2_rev.fastq.gz, /DATA/usr/n.klaassen/projects/SuRE_K562/data/processed/SuRE_output/iPCR/iPCR_3336_5/fastq2/iPCR_3336_5_chr2_forw.fastq.gz
    wildcards: s=iPCR_3336_5, c=chr2

/bin/bash: activate: No such file or directory
mkdir -p '/DATA/usr/n.klaassen/projects/SuRE_K562/data/processed/SuRE_output/iPCR/iPCR_3336_5/fastq2' ; PYTHONPATH=$PYTHONPATH:/DATA/usr/ludo/projects/LP190816_SuRE_K562_SNP/code/SuRE-WASP-pipeline/code/WASP/mapping python2.7  /DATA/usr/ludo/projects/LP190816_SuRE_K562_SNP/code/SuRE-WASP-pipeline/code/WASP/mapping/find_intersecting_snps.py --is_paired_end --is_sorted --output_dir '/DATA/usr/n.klaassen/projects/SuRE_K562/data/processed/SuRE_output/iPCR/iPCR_3336_5/fastq2' --snp_dir /DATA/usr/n.klaassen/projects/SuRE_K562/data/interim/SuRE_SNPs/vcf/SuRE_SNPs /DATA/usr/n.klaassen/projects/SuRE_K562/data/processed/SuRE_output/iPCR/iPCR_3336_5/map1_sort/iPCR_3336_5_chr2.bam; mv '/DATA/usr/n.klaassen/projects/SuRE_K562/data/processed/SuRE_output/iPCR/iPCR_3336_5/fastq2'/'iPCR_3336_5_chr2'.remap.fq1.gz /DATA/usr/n.klaassen/projects/SuRE_K562/data/processed/SuRE_output/iPCR/iPCR_3336_5/fastq2/iPCR_3336_5_chr2_forw.fastq.gz; mv '/DATA/usr/n.klaassen/projects/SuRE_K562/data/processed/SuRE_output/iPCR/iPCR_3336_5/fastq2'/'iPCR_3336_5_chr2'.remap.fq2.gz /DATA/usr/n.klaassen/projects/SuRE_K562/data/processed/SuRE_output/iPCR/iPCR_3336_5/fastq2/iPCR_3336_5_chr2_rev.fastq.gz; 
Traceback (most recent call last):
  File "/DATA/usr/ludo/projects/LP190816_SuRE_K562_SNP/code/SuRE-WASP-pipeline/code/WASP/mapping/find_intersecting_snps.py", line 5, in <module>
    import numpy as np
ImportError: No module named numpy
Error in job iPCR_WASP_find_SNPs while creating output files /DATA/usr/n.klaassen/projects/SuRE_K562/data/processed/SuRE_output/iPCR/iPCR_3466_3_L002/fastq2/iPCR_3466_3_L002_chr1_forw.fastq.gz, /DATA/usr/n.klaassen/projects/SuRE_K562/data/processed/SuRE_output/iPCR/iPCR_3466_3_L002/fastq2/iPCR_3466_3_L002_chr1_rev.fastq.gz, /DATA/usr/n.klaassen/projects/SuRE_K562/data/processed/SuRE_output/iPCR/iPCR_3466_3_L002/fastq2/iPCR_3466_3_L002_chr1.keep.bam, /DATA/usr/n.klaassen/projects/SuRE_K562/data/processed/SuRE_output/iPCR/iPCR_3466_3_L002/fastq2/iPCR_3466_3_L002_chr1.to.remap.bam.
/bin/bash: activate: No such file or directory
RuleException:
CalledProcessError in line 188 of /DATA/usr/ludo/projects/LP190816_SuRE_K562_SNP/code/SuRE-WASP-pipeline/SuRE-snakemake:
Command 'mkdir -p '/DATA/usr/n.klaassen/projects/SuRE_K562/data/processed/SuRE_output/iPCR/iPCR_3466_3_L002/fastq2' ; PYTHONPATH=$PYTHONPATH:/DATA/usr/ludo/projects/LP190816_SuRE_K562_SNP/code/SuRE-WASP-pipeline/code/WASP/mapping python2.7  /DATA/usr/ludo/projects/LP190816_SuRE_K562_SNP/code/SuRE-WASP-pipeline/code/WASP/mapping/find_intersecting_snps.py --is_paired_end --is_sorted --output_dir '/DATA/usr/n.klaassen/projects/SuRE_K562/data/processed/SuRE_output/iPCR/iPCR_3466_3_L002/fastq2' --snp_dir /DATA/usr/n.klaassen/projects/SuRE_K562/data/interim/SuRE_SNPs/vcf/SuRE_SNPs /DATA/usr/n.klaassen/projects/SuRE_K562/data/processed/SuRE_output/iPCR/iPCR_3466_3_L002/map1_sort/iPCR_3466_3_L002_chr1.bam; mv '/DATA/usr/n.klaassen/projects/SuRE_K562/data/processed/SuRE_output/iPCR/iPCR_3466_3_L002/fastq2'/'iPCR_3466_3_L002_chr1'.remap.fq1.gz /DATA/usr/n.klaassen/projects/SuRE_K562/data/processed/SuRE_output/iPCR/iPCR_3466_3_L002/fastq2/iPCR_3466_3_L002_chr1_forw.fastq.gz; mv '/DATA/usr/n.klaassen/projects/SuRE_K562/data/processed/SuRE_output/iPCR/iPCR_3466_3_L002/fastq2'/'iPCR_3466_3_L002_chr1'.remap.fq2.gz /DATA/usr/n.klaassen/projects/SuRE_K562/data/processed/SuRE_output/iPCR/iPCR_3466_3_L002/fastq2/iPCR_3466_3_L002_chr1_rev.fastq.gz; ' returned non-zero exit status 1.
  File "/DATA/usr/ludo/projects/LP190816_SuRE_K562_SNP/code/SuRE-WASP-pipeline/SuRE-snakemake", line 188, in __rule_iPCR_WASP_find_SNPs
  File "/DATA/usr/n.klaassen/miniconda3/envs/K562_SuRE/lib/python3.6/concurrent/futures/thread.py", line 56, in run
Traceback (most recent call last):
  File "/DATA/usr/ludo/projects/LP190816_SuRE_K562_SNP/code/SuRE-WASP-pipeline/code/WASP/mapping/find_intersecting_snps.py", line 5, in <module>
    import numpy as np
ImportError: No module named numpy
Error in job iPCR_WASP_find_SNPs while creating output files /DATA/usr/n.klaassen/projects/SuRE_K562/data/processed/SuRE_output/iPCR/iPCR_3466_5_L001/fastq2/iPCR_3466_5_L001_chr1_forw.fastq.gz, /DATA/usr/n.klaassen/projects/SuRE_K562/data/processed/SuRE_output/iPCR/iPCR_3466_5_L001/fastq2/iPCR_3466_5_L001_chr1_rev.fastq.gz, /DATA/usr/n.klaassen/projects/SuRE_K562/data/processed/SuRE_output/iPCR/iPCR_3466_5_L001/fastq2/iPCR_3466_5_L001_chr1.keep.bam, /DATA/usr/n.klaassen/projects/SuRE_K562/data/processed/SuRE_output/iPCR/iPCR_3466_5_L001/fastq2/iPCR_3466_5_L001_chr1.to.remap.bam.
RuleException:
CalledProcessError in line 188 of /DATA/usr/ludo/projects/LP190816_SuRE_K562_SNP/code/SuRE-WASP-pipeline/SuRE-snakemake:
Command 'mkdir -p '/DATA/usr/n.klaassen/projects/SuRE_K562/data/processed/SuRE_output/iPCR/iPCR_3466_5_L001/fastq2' ; PYTHONPATH=$PYTHONPATH:/DATA/usr/ludo/projects/LP190816_SuRE_K562_SNP/code/SuRE-WASP-pipeline/code/WASP/mapping python2.7  /DATA/usr/ludo/projects/LP190816_SuRE_K562_SNP/code/SuRE-WASP-pipeline/code/WASP/mapping/find_intersecting_snps.py --is_paired_end --is_sorted --output_dir '/DATA/usr/n.klaassen/projects/SuRE_K562/data/processed/SuRE_output/iPCR/iPCR_3466_5_L001/fastq2' --snp_dir /DATA/usr/n.klaassen/projects/SuRE_K562/data/interim/SuRE_SNPs/vcf/SuRE_SNPs /DATA/usr/n.klaassen/projects/SuRE_K562/data/processed/SuRE_output/iPCR/iPCR_3466_5_L001/map1_sort/iPCR_3466_5_L001_chr1.bam; mv '/DATA/usr/n.klaassen/projects/SuRE_K562/data/processed/SuRE_output/iPCR/iPCR_3466_5_L001/fastq2'/'iPCR_3466_5_L001_chr1'.remap.fq1.gz /DATA/usr/n.klaassen/projects/SuRE_K562/data/processed/SuRE_output/iPCR/iPCR_3466_5_L001/fastq2/iPCR_3466_5_L001_chr1_forw.fastq.gz; mv '/DATA/usr/n.klaassen/projects/SuRE_K562/data/processed/SuRE_output/iPCR/iPCR_3466_5_L001/fastq2'/'iPCR_3466_5_L001_chr1'.remap.fq2.gz /DATA/usr/n.klaassen/projects/SuRE_K562/data/processed/SuRE_output/iPCR/iPCR_3466_5_L001/fastq2/iPCR_3466_5_L001_chr1_rev.fastq.gz; ' returned non-zero exit status 1.
  File "/DATA/usr/ludo/projects/LP190816_SuRE_K562_SNP/code/SuRE-WASP-pipeline/SuRE-snakemake", line 188, in __rule_iPCR_WASP_find_SNPs
  File "/DATA/usr/n.klaassen/miniconda3/envs/K562_SuRE/lib/python3.6/concurrent/futures/thread.py", line 56, in run

rule iPCR_WASP_find_SNPs:
    input: /DATA/usr/n.klaassen/projects/SuRE_K562/data/processed/SuRE_output/iPCR/iPCR_3466_3_L001/map1_sort/iPCR_3466_3_L001_chr1.bam, /DATA/usr/n.klaassen/projects/SuRE_K562/data/interim/SuRE_SNPs/vcf/SuRE_SNPs
    output: /DATA/usr/n.klaassen/projects/SuRE_K562/data/processed/SuRE_output/iPCR/iPCR_3466_3_L001/fastq2/iPCR_3466_3_L001_chr1_forw.fastq.gz, /DATA/usr/n.klaassen/projects/SuRE_K562/data/processed/SuRE_output/iPCR/iPCR_3466_3_L001/fastq2/iPCR_3466_3_L001_chr1_rev.fastq.gz, /DATA/usr/n.klaassen/projects/SuRE_K562/data/processed/SuRE_output/iPCR/iPCR_3466_3_L001/fastq2/iPCR_3466_3_L001_chr1.keep.bam, /DATA/usr/n.klaassen/projects/SuRE_K562/data/processed/SuRE_output/iPCR/iPCR_3466_3_L001/fastq2/iPCR_3466_3_L001_chr1.to.remap.bam
    jobid: 2594
    reason: Missing output files: /DATA/usr/n.klaassen/projects/SuRE_K562/data/processed/SuRE_output/iPCR/iPCR_3466_3_L001/fastq2/iPCR_3466_3_L001_chr1.keep.bam, /DATA/usr/n.klaassen/projects/SuRE_K562/data/processed/SuRE_output/iPCR/iPCR_3466_3_L001/fastq2/iPCR_3466_3_L001_chr1.to.remap.bam, /DATA/usr/n.klaassen/projects/SuRE_K562/data/processed/SuRE_output/iPCR/iPCR_3466_3_L001/fastq2/iPCR_3466_3_L001_chr1_rev.fastq.gz, /DATA/usr/n.klaassen/projects/SuRE_K562/data/processed/SuRE_output/iPCR/iPCR_3466_3_L001/fastq2/iPCR_3466_3_L001_chr1_forw.fastq.gz
    wildcards: s=iPCR_3466_3_L001, c=chr1

mkdir -p '/DATA/usr/n.klaassen/projects/SuRE_K562/data/processed/SuRE_output/iPCR/iPCR_3466_3_L001/fastq2' ; PYTHONPATH=$PYTHONPATH:/DATA/usr/ludo/projects/LP190816_SuRE_K562_SNP/code/SuRE-WASP-pipeline/code/WASP/mapping python2.7  /DATA/usr/ludo/projects/LP190816_SuRE_K562_SNP/code/SuRE-WASP-pipeline/code/WASP/mapping/find_intersecting_snps.py --is_paired_end --is_sorted --output_dir '/DATA/usr/n.klaassen/projects/SuRE_K562/data/processed/SuRE_output/iPCR/iPCR_3466_3_L001/fastq2' --snp_dir /DATA/usr/n.klaassen/projects/SuRE_K562/data/interim/SuRE_SNPs/vcf/SuRE_SNPs /DATA/usr/n.klaassen/projects/SuRE_K562/data/processed/SuRE_output/iPCR/iPCR_3466_3_L001/map1_sort/iPCR_3466_3_L001_chr1.bam; mv '/DATA/usr/n.klaassen/projects/SuRE_K562/data/processed/SuRE_output/iPCR/iPCR_3466_3_L001/fastq2'/'iPCR_3466_3_L001_chr1'.remap.fq1.gz /DATA/usr/n.klaassen/projects/SuRE_K562/data/processed/SuRE_output/iPCR/iPCR_3466_3_L001/fastq2/iPCR_3466_3_L001_chr1_forw.fastq.gz; mv '/DATA/usr/n.klaassen/projects/SuRE_K562/data/processed/SuRE_output/iPCR/iPCR_3466_3_L001/fastq2'/'iPCR_3466_3_L001_chr1'.remap.fq2.gz /DATA/usr/n.klaassen/projects/SuRE_K562/data/processed/SuRE_output/iPCR/iPCR_3466_3_L001/fastq2/iPCR_3466_3_L001_chr1_rev.fastq.gz; 
Traceback (most recent call last):
  File "/DATA/usr/ludo/projects/LP190816_SuRE_K562_SNP/code/SuRE-WASP-pipeline/code/WASP/mapping/find_intersecting_snps.py", line 5, in <module>
    import numpy as np
ImportError: No module named numpy
Error in job iPCR_WASP_find_SNPs while creating output files /DATA/usr/n.klaassen/projects/SuRE_K562/data/processed/SuRE_output/iPCR/iPCR_3336_5/fastq2/iPCR_3336_5_chr1_forw.fastq.gz, /DATA/usr/n.klaassen/projects/SuRE_K562/data/processed/SuRE_output/iPCR/iPCR_3336_5/fastq2/iPCR_3336_5_chr1_rev.fastq.gz, /DATA/usr/n.klaassen/projects/SuRE_K562/data/processed/SuRE_output/iPCR/iPCR_3336_5/fastq2/iPCR_3336_5_chr1.keep.bam, /DATA/usr/n.klaassen/projects/SuRE_K562/data/processed/SuRE_output/iPCR/iPCR_3336_5/fastq2/iPCR_3336_5_chr1.to.remap.bam.
RuleException:
CalledProcessError in line 188 of /DATA/usr/ludo/projects/LP190816_SuRE_K562_SNP/code/SuRE-WASP-pipeline/SuRE-snakemake:
Command 'mkdir -p '/DATA/usr/n.klaassen/projects/SuRE_K562/data/processed/SuRE_output/iPCR/iPCR_3336_5/fastq2' ; PYTHONPATH=$PYTHONPATH:/DATA/usr/ludo/projects/LP190816_SuRE_K562_SNP/code/SuRE-WASP-pipeline/code/WASP/mapping python2.7  /DATA/usr/ludo/projects/LP190816_SuRE_K562_SNP/code/SuRE-WASP-pipeline/code/WASP/mapping/find_intersecting_snps.py --is_paired_end --is_sorted --output_dir '/DATA/usr/n.klaassen/projects/SuRE_K562/data/processed/SuRE_output/iPCR/iPCR_3336_5/fastq2' --snp_dir /DATA/usr/n.klaassen/projects/SuRE_K562/data/interim/SuRE_SNPs/vcf/SuRE_SNPs /DATA/usr/n.klaassen/projects/SuRE_K562/data/processed/SuRE_output/iPCR/iPCR_3336_5/map1_sort/iPCR_3336_5_chr1.bam; mv '/DATA/usr/n.klaassen/projects/SuRE_K562/data/processed/SuRE_output/iPCR/iPCR_3336_5/fastq2'/'iPCR_3336_5_chr1'.remap.fq1.gz /DATA/usr/n.klaassen/projects/SuRE_K562/data/processed/SuRE_output/iPCR/iPCR_3336_5/fastq2/iPCR_3336_5_chr1_forw.fastq.gz; mv '/DATA/usr/n.klaassen/projects/SuRE_K562/data/processed/SuRE_output/iPCR/iPCR_3336_5/fastq2'/'iPCR_3336_5_chr1'.remap.fq2.gz /DATA/usr/n.klaassen/projects/SuRE_K562/data/processed/SuRE_output/iPCR/iPCR_3336_5/fastq2/iPCR_3336_5_chr1_rev.fastq.gz; ' returned non-zero exit status 1.
  File "/DATA/usr/ludo/projects/LP190816_SuRE_K562_SNP/code/SuRE-WASP-pipeline/SuRE-snakemake", line 188, in __rule_iPCR_WASP_find_SNPs
  File "/DATA/usr/n.klaassen/miniconda3/envs/K562_SuRE/lib/python3.6/concurrent/futures/thread.py", line 56, in run
Traceback (most recent call last):
  File "/DATA/usr/ludo/projects/LP190816_SuRE_K562_SNP/code/SuRE-WASP-pipeline/code/WASP/mapping/find_intersecting_snps.py", line 5, in <module>
    import numpy as np
ImportError: No module named numpy

rule iPCR_WASP_find_SNPs:
    input: /DATA/usr/n.klaassen/projects/SuRE_K562/data/processed/SuRE_output/iPCR/iPCR_3336_1/map1_sort/iPCR_3336_1_chr1.bam, /DATA/usr/n.klaassen/projects/SuRE_K562/data/interim/SuRE_SNPs/vcf/SuRE_SNPs
    output: /DATA/usr/n.klaassen/projects/SuRE_K562/data/processed/SuRE_output/iPCR/iPCR_3336_1/fastq2/iPCR_3336_1_chr1_forw.fastq.gz, /DATA/usr/n.klaassen/projects/SuRE_K562/data/processed/SuRE_output/iPCR/iPCR_3336_1/fastq2/iPCR_3336_1_chr1_rev.fastq.gz, /DATA/usr/n.klaassen/projects/SuRE_K562/data/processed/SuRE_output/iPCR/iPCR_3336_1/fastq2/iPCR_3336_1_chr1.keep.bam, /DATA/usr/n.klaassen/projects/SuRE_K562/data/processed/SuRE_output/iPCR/iPCR_3336_1/fastq2/iPCR_3336_1_chr1.to.remap.bam
    jobid: 2598
    reason: Missing output files: /DATA/usr/n.klaassen/projects/SuRE_K562/data/processed/SuRE_output/iPCR/iPCR_3336_1/fastq2/iPCR_3336_1_chr1_forw.fastq.gz, /DATA/usr/n.klaassen/projects/SuRE_K562/data/processed/SuRE_output/iPCR/iPCR_3336_1/fastq2/iPCR_3336_1_chr1.to.remap.bam, /DATA/usr/n.klaassen/projects/SuRE_K562/data/processed/SuRE_output/iPCR/iPCR_3336_1/fastq2/iPCR_3336_1_chr1_rev.fastq.gz, /DATA/usr/n.klaassen/projects/SuRE_K562/data/processed/SuRE_output/iPCR/iPCR_3336_1/fastq2/iPCR_3336_1_chr1.keep.bam
    wildcards: s=iPCR_3336_1, c=chr1

mkdir -p '/DATA/usr/n.klaassen/projects/SuRE_K562/data/processed/SuRE_output/iPCR/iPCR_3336_1/fastq2' ; PYTHONPATH=$PYTHONPATH:/DATA/usr/ludo/projects/LP190816_SuRE_K562_SNP/code/SuRE-WASP-pipeline/code/WASP/mapping python2.7  /DATA/usr/ludo/projects/LP190816_SuRE_K562_SNP/code/SuRE-WASP-pipeline/code/WASP/mapping/find_intersecting_snps.py --is_paired_end --is_sorted --output_dir '/DATA/usr/n.klaassen/projects/SuRE_K562/data/processed/SuRE_output/iPCR/iPCR_3336_1/fastq2' --snp_dir /DATA/usr/n.klaassen/projects/SuRE_K562/data/interim/SuRE_SNPs/vcf/SuRE_SNPs /DATA/usr/n.klaassen/projects/SuRE_K562/data/processed/SuRE_output/iPCR/iPCR_3336_1/map1_sort/iPCR_3336_1_chr1.bam; mv '/DATA/usr/n.klaassen/projects/SuRE_K562/data/processed/SuRE_output/iPCR/iPCR_3336_1/fastq2'/'iPCR_3336_1_chr1'.remap.fq1.gz /DATA/usr/n.klaassen/projects/SuRE_K562/data/processed/SuRE_output/iPCR/iPCR_3336_1/fastq2/iPCR_3336_1_chr1_forw.fastq.gz; mv '/DATA/usr/n.klaassen/projects/SuRE_K562/data/processed/SuRE_output/iPCR/iPCR_3336_1/fastq2'/'iPCR_3336_1_chr1'.remap.fq2.gz /DATA/usr/n.klaassen/projects/SuRE_K562/data/processed/SuRE_output/iPCR/iPCR_3336_1/fastq2/iPCR_3336_1_chr1_rev.fastq.gz; 
/bin/bash: activate: No such file or directory
Error in job iPCR_WASP_find_SNPs while creating output files /DATA/usr/n.klaassen/projects/SuRE_K562/data/processed/SuRE_output/iPCR/iPCR_3336_5/fastq2/iPCR_3336_5_chr2_forw.fastq.gz, /DATA/usr/n.klaassen/projects/SuRE_K562/data/processed/SuRE_output/iPCR/iPCR_3336_5/fastq2/iPCR_3336_5_chr2_rev.fastq.gz, /DATA/usr/n.klaassen/projects/SuRE_K562/data/processed/SuRE_output/iPCR/iPCR_3336_5/fastq2/iPCR_3336_5_chr2.keep.bam, /DATA/usr/n.klaassen/projects/SuRE_K562/data/processed/SuRE_output/iPCR/iPCR_3336_5/fastq2/iPCR_3336_5_chr2.to.remap.bam.
RuleException:
CalledProcessError in line 188 of /DATA/usr/ludo/projects/LP190816_SuRE_K562_SNP/code/SuRE-WASP-pipeline/SuRE-snakemake:
Command 'mkdir -p '/DATA/usr/n.klaassen/projects/SuRE_K562/data/processed/SuRE_output/iPCR/iPCR_3336_5/fastq2' ; PYTHONPATH=$PYTHONPATH:/DATA/usr/ludo/projects/LP190816_SuRE_K562_SNP/code/SuRE-WASP-pipeline/code/WASP/mapping python2.7  /DATA/usr/ludo/projects/LP190816_SuRE_K562_SNP/code/SuRE-WASP-pipeline/code/WASP/mapping/find_intersecting_snps.py --is_paired_end --is_sorted --output_dir '/DATA/usr/n.klaassen/projects/SuRE_K562/data/processed/SuRE_output/iPCR/iPCR_3336_5/fastq2' --snp_dir /DATA/usr/n.klaassen/projects/SuRE_K562/data/interim/SuRE_SNPs/vcf/SuRE_SNPs /DATA/usr/n.klaassen/projects/SuRE_K562/data/processed/SuRE_output/iPCR/iPCR_3336_5/map1_sort/iPCR_3336_5_chr2.bam; mv '/DATA/usr/n.klaassen/projects/SuRE_K562/data/processed/SuRE_output/iPCR/iPCR_3336_5/fastq2'/'iPCR_3336_5_chr2'.remap.fq1.gz /DATA/usr/n.klaassen/projects/SuRE_K562/data/processed/SuRE_output/iPCR/iPCR_3336_5/fastq2/iPCR_3336_5_chr2_forw.fastq.gz; mv '/DATA/usr/n.klaassen/projects/SuRE_K562/data/processed/SuRE_output/iPCR/iPCR_3336_5/fastq2'/'iPCR_3336_5_chr2'.remap.fq2.gz /DATA/usr/n.klaassen/projects/SuRE_K562/data/processed/SuRE_output/iPCR/iPCR_3336_5/fastq2/iPCR_3336_5_chr2_rev.fastq.gz; ' returned non-zero exit status 1.
  File "/DATA/usr/ludo/projects/LP190816_SuRE_K562_SNP/code/SuRE-WASP-pipeline/SuRE-snakemake", line 188, in __rule_iPCR_WASP_find_SNPs
  File "/DATA/usr/n.klaassen/miniconda3/envs/K562_SuRE/lib/python3.6/concurrent/futures/thread.py", line 56, in run

rule cDNA:
    input: /home/ludo/projects/LP190816_SuRE_K562_SNP/data/LP20190816_K562_rawData/cDNA/3520_4_12_4_RNA_45_6_K562_SuRE23_TFrep2_PCRrep2_pgcDNA_adapter_2_150604_hg_TAGCTTA_L002_R1_001.fastq.gz
    output: /DATA/usr/n.klaassen/projects/SuRE_K562/data/processed/SuRE_output/cDNA/SuRE23_45_B1_T4/SuRE23_45_B1_T4_trimmed_table.txt.gz
    jobid: 20
    reason: Missing output files: /DATA/usr/n.klaassen/projects/SuRE_K562/data/processed/SuRE_output/cDNA/SuRE23_45_B1_T4/SuRE23_45_B1_T4_trimmed_table.txt.gz
    wildcards: s=SuRE23_45_B1_T4

Traceback (most recent call last):
  File "/DATA/usr/ludo/projects/LP190816_SuRE_K562_SNP/code/SuRE-WASP-pipeline/code/WASP/mapping/find_intersecting_snps.py", line 5, in <module>
    import numpy as np
ImportError: No module named numpy
/DATA/usr/ludo/projects/LP190816_SuRE_K562_SNP/code/SuRE-WASP-pipeline/code/cDNA-plDNA-count-BC.bash -l -b 'SuRE23_45_B1_T4' -o '/DATA/usr/n.klaassen/projects/SuRE_K562/data/processed/SuRE_output/cDNA/SuRE23_45_B1_T4' -a CCTAGCTAACTATAACGGTCCTAAGGTAGCGAA /home/ludo/projects/LP190816_SuRE_K562_SNP/data/LP20190816_K562_rawData/cDNA/3520_4_12_4_RNA_45_6_K562_SuRE23_TFrep2_PCRrep2_pgcDNA_adapter_2_150604_hg_TAGCTTA_L002_R1_001.fastq.gz
/bin/bash: activate: No such file or directory

rule iPCR_WASP_find_SNPs:
    input: /DATA/usr/n.klaassen/projects/SuRE_K562/data/processed/SuRE_output/iPCR/iPCR_3336_3/map1_sort/iPCR_3336_3_chr2.bam, /DATA/usr/n.klaassen/projects/SuRE_K562/data/interim/SuRE_SNPs/vcf/SuRE_SNPs
    output: /DATA/usr/n.klaassen/projects/SuRE_K562/data/processed/SuRE_output/iPCR/iPCR_3336_3/fastq2/iPCR_3336_3_chr2_forw.fastq.gz, /DATA/usr/n.klaassen/projects/SuRE_K562/data/processed/SuRE_output/iPCR/iPCR_3336_3/fastq2/iPCR_3336_3_chr2_rev.fastq.gz, /DATA/usr/n.klaassen/projects/SuRE_K562/data/processed/SuRE_output/iPCR/iPCR_3336_3/fastq2/iPCR_3336_3_chr2.keep.bam, /DATA/usr/n.klaassen/projects/SuRE_K562/data/processed/SuRE_output/iPCR/iPCR_3336_3/fastq2/iPCR_3336_3_chr2.to.remap.bam
    jobid: 2497
    reason: Missing output files: /DATA/usr/n.klaassen/projects/SuRE_K562/data/processed/SuRE_output/iPCR/iPCR_3336_3/fastq2/iPCR_3336_3_chr2.to.remap.bam, /DATA/usr/n.klaassen/projects/SuRE_K562/data/processed/SuRE_output/iPCR/iPCR_3336_3/fastq2/iPCR_3336_3_chr2_rev.fastq.gz, /DATA/usr/n.klaassen/projects/SuRE_K562/data/processed/SuRE_output/iPCR/iPCR_3336_3/fastq2/iPCR_3336_3_chr2_forw.fastq.gz, /DATA/usr/n.klaassen/projects/SuRE_K562/data/processed/SuRE_output/iPCR/iPCR_3336_3/fastq2/iPCR_3336_3_chr2.keep.bam
    wildcards: s=iPCR_3336_3, c=chr2

/bin/bash: activate: No such file or directory
Error in job iPCR_WASP_find_SNPs while creating output files /DATA/usr/n.klaassen/projects/SuRE_K562/data/processed/SuRE_output/iPCR/iPCR_3336_4/fastq2/iPCR_3336_4_chr1_forw.fastq.gz, /DATA/usr/n.klaassen/projects/SuRE_K562/data/processed/SuRE_output/iPCR/iPCR_3336_4/fastq2/iPCR_3336_4_chr1_rev.fastq.gz, /DATA/usr/n.klaassen/projects/SuRE_K562/data/processed/SuRE_output/iPCR/iPCR_3336_4/fastq2/iPCR_3336_4_chr1.keep.bam, /DATA/usr/n.klaassen/projects/SuRE_K562/data/processed/SuRE_output/iPCR/iPCR_3336_4/fastq2/iPCR_3336_4_chr1.to.remap.bam.
mkdir -p '/DATA/usr/n.klaassen/projects/SuRE_K562/data/processed/SuRE_output/iPCR/iPCR_3336_3/fastq2' ; PYTHONPATH=$PYTHONPATH:/DATA/usr/ludo/projects/LP190816_SuRE_K562_SNP/code/SuRE-WASP-pipeline/code/WASP/mapping python2.7  /DATA/usr/ludo/projects/LP190816_SuRE_K562_SNP/code/SuRE-WASP-pipeline/code/WASP/mapping/find_intersecting_snps.py --is_paired_end --is_sorted --output_dir '/DATA/usr/n.klaassen/projects/SuRE_K562/data/processed/SuRE_output/iPCR/iPCR_3336_3/fastq2' --snp_dir /DATA/usr/n.klaassen/projects/SuRE_K562/data/interim/SuRE_SNPs/vcf/SuRE_SNPs /DATA/usr/n.klaassen/projects/SuRE_K562/data/processed/SuRE_output/iPCR/iPCR_3336_3/map1_sort/iPCR_3336_3_chr2.bam; mv '/DATA/usr/n.klaassen/projects/SuRE_K562/data/processed/SuRE_output/iPCR/iPCR_3336_3/fastq2'/'iPCR_3336_3_chr2'.remap.fq1.gz /DATA/usr/n.klaassen/projects/SuRE_K562/data/processed/SuRE_output/iPCR/iPCR_3336_3/fastq2/iPCR_3336_3_chr2_forw.fastq.gz; mv '/DATA/usr/n.klaassen/projects/SuRE_K562/data/processed/SuRE_output/iPCR/iPCR_3336_3/fastq2'/'iPCR_3336_3_chr2'.remap.fq2.gz /DATA/usr/n.klaassen/projects/SuRE_K562/data/processed/SuRE_output/iPCR/iPCR_3336_3/fastq2/iPCR_3336_3_chr2_rev.fastq.gz; 
RuleException:
CalledProcessError in line 188 of /DATA/usr/ludo/projects/LP190816_SuRE_K562_SNP/code/SuRE-WASP-pipeline/SuRE-snakemake:
Command 'mkdir -p '/DATA/usr/n.klaassen/projects/SuRE_K562/data/processed/SuRE_output/iPCR/iPCR_3336_4/fastq2' ; PYTHONPATH=$PYTHONPATH:/DATA/usr/ludo/projects/LP190816_SuRE_K562_SNP/code/SuRE-WASP-pipeline/code/WASP/mapping python2.7  /DATA/usr/ludo/projects/LP190816_SuRE_K562_SNP/code/SuRE-WASP-pipeline/code/WASP/mapping/find_intersecting_snps.py --is_paired_end --is_sorted --output_dir '/DATA/usr/n.klaassen/projects/SuRE_K562/data/processed/SuRE_output/iPCR/iPCR_3336_4/fastq2' --snp_dir /DATA/usr/n.klaassen/projects/SuRE_K562/data/interim/SuRE_SNPs/vcf/SuRE_SNPs /DATA/usr/n.klaassen/projects/SuRE_K562/data/processed/SuRE_output/iPCR/iPCR_3336_4/map1_sort/iPCR_3336_4_chr1.bam; mv '/DATA/usr/n.klaassen/projects/SuRE_K562/data/processed/SuRE_output/iPCR/iPCR_3336_4/fastq2'/'iPCR_3336_4_chr1'.remap.fq1.gz /DATA/usr/n.klaassen/projects/SuRE_K562/data/processed/SuRE_output/iPCR/iPCR_3336_4/fastq2/iPCR_3336_4_chr1_forw.fastq.gz; mv '/DATA/usr/n.klaassen/projects/SuRE_K562/data/processed/SuRE_output/iPCR/iPCR_3336_4/fastq2'/'iPCR_3336_4_chr1'.remap.fq2.gz /DATA/usr/n.klaassen/projects/SuRE_K562/data/processed/SuRE_output/iPCR/iPCR_3336_4/fastq2/iPCR_3336_4_chr1_rev.fastq.gz; ' returned non-zero exit status 1.
  File "/DATA/usr/ludo/projects/LP190816_SuRE_K562_SNP/code/SuRE-WASP-pipeline/SuRE-snakemake", line 188, in __rule_iPCR_WASP_find_SNPs
  File "/DATA/usr/n.klaassen/miniconda3/envs/K562_SuRE/lib/python3.6/concurrent/futures/thread.py", line 56, in run

rule iPCR_WASP_find_SNPs:
    input: /DATA/usr/n.klaassen/projects/SuRE_K562/data/processed/SuRE_output/iPCR/iPCR_3466_2_L001/map1_sort/iPCR_3466_2_L001_chr1.bam, /DATA/usr/n.klaassen/projects/SuRE_K562/data/interim/SuRE_SNPs/vcf/SuRE_SNPs
    output: /DATA/usr/n.klaassen/projects/SuRE_K562/data/processed/SuRE_output/iPCR/iPCR_3466_2_L001/fastq2/iPCR_3466_2_L001_chr1_forw.fastq.gz, /DATA/usr/n.klaassen/projects/SuRE_K562/data/processed/SuRE_output/iPCR/iPCR_3466_2_L001/fastq2/iPCR_3466_2_L001_chr1_rev.fastq.gz, /DATA/usr/n.klaassen/projects/SuRE_K562/data/processed/SuRE_output/iPCR/iPCR_3466_2_L001/fastq2/iPCR_3466_2_L001_chr1.keep.bam, /DATA/usr/n.klaassen/projects/SuRE_K562/data/processed/SuRE_output/iPCR/iPCR_3466_2_L001/fastq2/iPCR_3466_2_L001_chr1.to.remap.bam
    jobid: 2586
    reason: Missing output files: /DATA/usr/n.klaassen/projects/SuRE_K562/data/processed/SuRE_output/iPCR/iPCR_3466_2_L001/fastq2/iPCR_3466_2_L001_chr1_forw.fastq.gz, /DATA/usr/n.klaassen/projects/SuRE_K562/data/processed/SuRE_output/iPCR/iPCR_3466_2_L001/fastq2/iPCR_3466_2_L001_chr1.keep.bam, /DATA/usr/n.klaassen/projects/SuRE_K562/data/processed/SuRE_output/iPCR/iPCR_3466_2_L001/fastq2/iPCR_3466_2_L001_chr1_rev.fastq.gz, /DATA/usr/n.klaassen/projects/SuRE_K562/data/processed/SuRE_output/iPCR/iPCR_3466_2_L001/fastq2/iPCR_3466_2_L001_chr1.to.remap.bam
    wildcards: s=iPCR_3466_2_L001, c=chr1

mkdir -p '/DATA/usr/n.klaassen/projects/SuRE_K562/data/processed/SuRE_output/iPCR/iPCR_3466_2_L001/fastq2' ; PYTHONPATH=$PYTHONPATH:/DATA/usr/ludo/projects/LP190816_SuRE_K562_SNP/code/SuRE-WASP-pipeline/code/WASP/mapping python2.7  /DATA/usr/ludo/projects/LP190816_SuRE_K562_SNP/code/SuRE-WASP-pipeline/code/WASP/mapping/find_intersecting_snps.py --is_paired_end --is_sorted --output_dir '/DATA/usr/n.klaassen/projects/SuRE_K562/data/processed/SuRE_output/iPCR/iPCR_3466_2_L001/fastq2' --snp_dir /DATA/usr/n.klaassen/projects/SuRE_K562/data/interim/SuRE_SNPs/vcf/SuRE_SNPs /DATA/usr/n.klaassen/projects/SuRE_K562/data/processed/SuRE_output/iPCR/iPCR_3466_2_L001/map1_sort/iPCR_3466_2_L001_chr1.bam; mv '/DATA/usr/n.klaassen/projects/SuRE_K562/data/processed/SuRE_output/iPCR/iPCR_3466_2_L001/fastq2'/'iPCR_3466_2_L001_chr1'.remap.fq1.gz /DATA/usr/n.klaassen/projects/SuRE_K562/data/processed/SuRE_output/iPCR/iPCR_3466_2_L001/fastq2/iPCR_3466_2_L001_chr1_forw.fastq.gz; mv '/DATA/usr/n.klaassen/projects/SuRE_K562/data/processed/SuRE_output/iPCR/iPCR_3466_2_L001/fastq2'/'iPCR_3466_2_L001_chr1'.remap.fq2.gz /DATA/usr/n.klaassen/projects/SuRE_K562/data/processed/SuRE_output/iPCR/iPCR_3466_2_L001/fastq2/iPCR_3466_2_L001_chr1_rev.fastq.gz; 
/bin/bash: activate: No such file or directory
Traceback (most recent call last):
  File "/DATA/usr/ludo/projects/LP190816_SuRE_K562_SNP/code/SuRE-WASP-pipeline/code/WASP/mapping/find_intersecting_snps.py", line 5, in <module>
    import numpy as np
ImportError: No module named numpy
Error in job iPCR_WASP_find_SNPs while creating output files /DATA/usr/n.klaassen/projects/SuRE_K562/data/processed/SuRE_output/iPCR/iPCR_3336_1/fastq2/iPCR_3336_1_chr1_forw.fastq.gz, /DATA/usr/n.klaassen/projects/SuRE_K562/data/processed/SuRE_output/iPCR/iPCR_3336_1/fastq2/iPCR_3336_1_chr1_rev.fastq.gz, /DATA/usr/n.klaassen/projects/SuRE_K562/data/processed/SuRE_output/iPCR/iPCR_3336_1/fastq2/iPCR_3336_1_chr1.keep.bam, /DATA/usr/n.klaassen/projects/SuRE_K562/data/processed/SuRE_output/iPCR/iPCR_3336_1/fastq2/iPCR_3336_1_chr1.to.remap.bam.
RuleException:
CalledProcessError in line 188 of /DATA/usr/ludo/projects/LP190816_SuRE_K562_SNP/code/SuRE-WASP-pipeline/SuRE-snakemake:
Command 'mkdir -p '/DATA/usr/n.klaassen/projects/SuRE_K562/data/processed/SuRE_output/iPCR/iPCR_3336_1/fastq2' ; PYTHONPATH=$PYTHONPATH:/DATA/usr/ludo/projects/LP190816_SuRE_K562_SNP/code/SuRE-WASP-pipeline/code/WASP/mapping python2.7  /DATA/usr/ludo/projects/LP190816_SuRE_K562_SNP/code/SuRE-WASP-pipeline/code/WASP/mapping/find_intersecting_snps.py --is_paired_end --is_sorted --output_dir '/DATA/usr/n.klaassen/projects/SuRE_K562/data/processed/SuRE_output/iPCR/iPCR_3336_1/fastq2' --snp_dir /DATA/usr/n.klaassen/projects/SuRE_K562/data/interim/SuRE_SNPs/vcf/SuRE_SNPs /DATA/usr/n.klaassen/projects/SuRE_K562/data/processed/SuRE_output/iPCR/iPCR_3336_1/map1_sort/iPCR_3336_1_chr1.bam; mv '/DATA/usr/n.klaassen/projects/SuRE_K562/data/processed/SuRE_output/iPCR/iPCR_3336_1/fastq2'/'iPCR_3336_1_chr1'.remap.fq1.gz /DATA/usr/n.klaassen/projects/SuRE_K562/data/processed/SuRE_output/iPCR/iPCR_3336_1/fastq2/iPCR_3336_1_chr1_forw.fastq.gz; mv '/DATA/usr/n.klaassen/projects/SuRE_K562/data/processed/SuRE_output/iPCR/iPCR_3336_1/fastq2'/'iPCR_3336_1_chr1'.remap.fq2.gz /DATA/usr/n.klaassen/projects/SuRE_K562/data/processed/SuRE_output/iPCR/iPCR_3336_1/fastq2/iPCR_3336_1_chr1_rev.fastq.gz; ' returned non-zero exit status 1.
  File "/DATA/usr/ludo/projects/LP190816_SuRE_K562_SNP/code/SuRE-WASP-pipeline/SuRE-snakemake", line 188, in __rule_iPCR_WASP_find_SNPs
  File "/DATA/usr/n.klaassen/miniconda3/envs/K562_SuRE/lib/python3.6/concurrent/futures/thread.py", line 56, in run
/bin/bash: activate: No such file or directory
Will exit after finishing currently running jobs.
Traceback (most recent call last):
  File "/DATA/usr/ludo/projects/LP190816_SuRE_K562_SNP/code/SuRE-WASP-pipeline/code/WASP/mapping/find_intersecting_snps.py", line 5, in <module>
    import numpy as np
ImportError: No module named numpy
Error in job iPCR_WASP_find_SNPs while creating output files /DATA/usr/n.klaassen/projects/SuRE_K562/data/processed/SuRE_output/iPCR/iPCR_3466_3_L001/fastq2/iPCR_3466_3_L001_chr1_forw.fastq.gz, /DATA/usr/n.klaassen/projects/SuRE_K562/data/processed/SuRE_output/iPCR/iPCR_3466_3_L001/fastq2/iPCR_3466_3_L001_chr1_rev.fastq.gz, /DATA/usr/n.klaassen/projects/SuRE_K562/data/processed/SuRE_output/iPCR/iPCR_3466_3_L001/fastq2/iPCR_3466_3_L001_chr1.keep.bam, /DATA/usr/n.klaassen/projects/SuRE_K562/data/processed/SuRE_output/iPCR/iPCR_3466_3_L001/fastq2/iPCR_3466_3_L001_chr1.to.remap.bam.
RuleException:
CalledProcessError in line 188 of /DATA/usr/ludo/projects/LP190816_SuRE_K562_SNP/code/SuRE-WASP-pipeline/SuRE-snakemake:
Command 'mkdir -p '/DATA/usr/n.klaassen/projects/SuRE_K562/data/processed/SuRE_output/iPCR/iPCR_3466_3_L001/fastq2' ; PYTHONPATH=$PYTHONPATH:/DATA/usr/ludo/projects/LP190816_SuRE_K562_SNP/code/SuRE-WASP-pipeline/code/WASP/mapping python2.7  /DATA/usr/ludo/projects/LP190816_SuRE_K562_SNP/code/SuRE-WASP-pipeline/code/WASP/mapping/find_intersecting_snps.py --is_paired_end --is_sorted --output_dir '/DATA/usr/n.klaassen/projects/SuRE_K562/data/processed/SuRE_output/iPCR/iPCR_3466_3_L001/fastq2' --snp_dir /DATA/usr/n.klaassen/projects/SuRE_K562/data/interim/SuRE_SNPs/vcf/SuRE_SNPs /DATA/usr/n.klaassen/projects/SuRE_K562/data/processed/SuRE_output/iPCR/iPCR_3466_3_L001/map1_sort/iPCR_3466_3_L001_chr1.bam; mv '/DATA/usr/n.klaassen/projects/SuRE_K562/data/processed/SuRE_output/iPCR/iPCR_3466_3_L001/fastq2'/'iPCR_3466_3_L001_chr1'.remap.fq1.gz /DATA/usr/n.klaassen/projects/SuRE_K562/data/processed/SuRE_output/iPCR/iPCR_3466_3_L001/fastq2/iPCR_3466_3_L001_chr1_forw.fastq.gz; mv '/DATA/usr/n.klaassen/projects/SuRE_K562/data/processed/SuRE_output/iPCR/iPCR_3466_3_L001/fastq2'/'iPCR_3466_3_L001_chr1'.remap.fq2.gz /DATA/usr/n.klaassen/projects/SuRE_K562/data/processed/SuRE_output/iPCR/iPCR_3466_3_L001/fastq2/iPCR_3466_3_L001_chr1_rev.fastq.gz; ' returned non-zero exit status 1.
  File "/DATA/usr/ludo/projects/LP190816_SuRE_K562_SNP/code/SuRE-WASP-pipeline/SuRE-snakemake", line 188, in __rule_iPCR_WASP_find_SNPs
  File "/DATA/usr/n.klaassen/miniconda3/envs/K562_SuRE/lib/python3.6/concurrent/futures/thread.py", line 56, in run
Will exit after finishing currently running jobs.
Traceback (most recent call last):
  File "/DATA/usr/ludo/projects/LP190816_SuRE_K562_SNP/code/SuRE-WASP-pipeline/code/WASP/mapping/find_intersecting_snps.py", line 5, in <module>
    import numpy as np
ImportError: No module named numpy
Error in job iPCR_WASP_find_SNPs while creating output files /DATA/usr/n.klaassen/projects/SuRE_K562/data/processed/SuRE_output/iPCR/iPCR_3466_2_L001/fastq2/iPCR_3466_2_L001_chr1_forw.fastq.gz, /DATA/usr/n.klaassen/projects/SuRE_K562/data/processed/SuRE_output/iPCR/iPCR_3466_2_L001/fastq2/iPCR_3466_2_L001_chr1_rev.fastq.gz, /DATA/usr/n.klaassen/projects/SuRE_K562/data/processed/SuRE_output/iPCR/iPCR_3466_2_L001/fastq2/iPCR_3466_2_L001_chr1.keep.bam, /DATA/usr/n.klaassen/projects/SuRE_K562/data/processed/SuRE_output/iPCR/iPCR_3466_2_L001/fastq2/iPCR_3466_2_L001_chr1.to.remap.bam.
RuleException:
CalledProcessError in line 188 of /DATA/usr/ludo/projects/LP190816_SuRE_K562_SNP/code/SuRE-WASP-pipeline/SuRE-snakemake:
Command 'mkdir -p '/DATA/usr/n.klaassen/projects/SuRE_K562/data/processed/SuRE_output/iPCR/iPCR_3466_2_L001/fastq2' ; PYTHONPATH=$PYTHONPATH:/DATA/usr/ludo/projects/LP190816_SuRE_K562_SNP/code/SuRE-WASP-pipeline/code/WASP/mapping python2.7  /DATA/usr/ludo/projects/LP190816_SuRE_K562_SNP/code/SuRE-WASP-pipeline/code/WASP/mapping/find_intersecting_snps.py --is_paired_end --is_sorted --output_dir '/DATA/usr/n.klaassen/projects/SuRE_K562/data/processed/SuRE_output/iPCR/iPCR_3466_2_L001/fastq2' --snp_dir /DATA/usr/n.klaassen/projects/SuRE_K562/data/interim/SuRE_SNPs/vcf/SuRE_SNPs /DATA/usr/n.klaassen/projects/SuRE_K562/data/processed/SuRE_output/iPCR/iPCR_3466_2_L001/map1_sort/iPCR_3466_2_L001_chr1.bam; mv '/DATA/usr/n.klaassen/projects/SuRE_K562/data/processed/SuRE_output/iPCR/iPCR_3466_2_L001/fastq2'/'iPCR_3466_2_L001_chr1'.remap.fq1.gz /DATA/usr/n.klaassen/projects/SuRE_K562/data/processed/SuRE_output/iPCR/iPCR_3466_2_L001/fastq2/iPCR_3466_2_L001_chr1_forw.fastq.gz; mv '/DATA/usr/n.klaassen/projects/SuRE_K562/data/processed/SuRE_output/iPCR/iPCR_3466_2_L001/fastq2'/'iPCR_3466_2_L001_chr1'.remap.fq2.gz /DATA/usr/n.klaassen/projects/SuRE_K562/data/processed/SuRE_output/iPCR/iPCR_3466_2_L001/fastq2/iPCR_3466_2_L001_chr1_rev.fastq.gz; ' returned non-zero exit status 1.
  File "/DATA/usr/ludo/projects/LP190816_SuRE_K562_SNP/code/SuRE-WASP-pipeline/SuRE-snakemake", line 188, in __rule_iPCR_WASP_find_SNPs
  File "/DATA/usr/n.klaassen/miniconda3/envs/K562_SuRE/lib/python3.6/concurrent/futures/thread.py", line 56, in run
Will exit after finishing currently running jobs.
Traceback (most recent call last):
  File "/DATA/usr/ludo/projects/LP190816_SuRE_K562_SNP/code/SuRE-WASP-pipeline/code/WASP/mapping/find_intersecting_snps.py", line 5, in <module>
    import numpy as np
ImportError: No module named numpy
Error in job iPCR_WASP_find_SNPs while creating output files /DATA/usr/n.klaassen/projects/SuRE_K562/data/processed/SuRE_output/iPCR/iPCR_3336_3/fastq2/iPCR_3336_3_chr2_forw.fastq.gz, /DATA/usr/n.klaassen/projects/SuRE_K562/data/processed/SuRE_output/iPCR/iPCR_3336_3/fastq2/iPCR_3336_3_chr2_rev.fastq.gz, /DATA/usr/n.klaassen/projects/SuRE_K562/data/processed/SuRE_output/iPCR/iPCR_3336_3/fastq2/iPCR_3336_3_chr2.keep.bam, /DATA/usr/n.klaassen/projects/SuRE_K562/data/processed/SuRE_output/iPCR/iPCR_3336_3/fastq2/iPCR_3336_3_chr2.to.remap.bam.
RuleException:
CalledProcessError in line 188 of /DATA/usr/ludo/projects/LP190816_SuRE_K562_SNP/code/SuRE-WASP-pipeline/SuRE-snakemake:
Command 'mkdir -p '/DATA/usr/n.klaassen/projects/SuRE_K562/data/processed/SuRE_output/iPCR/iPCR_3336_3/fastq2' ; PYTHONPATH=$PYTHONPATH:/DATA/usr/ludo/projects/LP190816_SuRE_K562_SNP/code/SuRE-WASP-pipeline/code/WASP/mapping python2.7  /DATA/usr/ludo/projects/LP190816_SuRE_K562_SNP/code/SuRE-WASP-pipeline/code/WASP/mapping/find_intersecting_snps.py --is_paired_end --is_sorted --output_dir '/DATA/usr/n.klaassen/projects/SuRE_K562/data/processed/SuRE_output/iPCR/iPCR_3336_3/fastq2' --snp_dir /DATA/usr/n.klaassen/projects/SuRE_K562/data/interim/SuRE_SNPs/vcf/SuRE_SNPs /DATA/usr/n.klaassen/projects/SuRE_K562/data/processed/SuRE_output/iPCR/iPCR_3336_3/map1_sort/iPCR_3336_3_chr2.bam; mv '/DATA/usr/n.klaassen/projects/SuRE_K562/data/processed/SuRE_output/iPCR/iPCR_3336_3/fastq2'/'iPCR_3336_3_chr2'.remap.fq1.gz /DATA/usr/n.klaassen/projects/SuRE_K562/data/processed/SuRE_output/iPCR/iPCR_3336_3/fastq2/iPCR_3336_3_chr2_forw.fastq.gz; mv '/DATA/usr/n.klaassen/projects/SuRE_K562/data/processed/SuRE_output/iPCR/iPCR_3336_3/fastq2'/'iPCR_3336_3_chr2'.remap.fq2.gz /DATA/usr/n.klaassen/projects/SuRE_K562/data/processed/SuRE_output/iPCR/iPCR_3336_3/fastq2/iPCR_3336_3_chr2_rev.fastq.gz; ' returned non-zero exit status 1.
  File "/DATA/usr/ludo/projects/LP190816_SuRE_K562_SNP/code/SuRE-WASP-pipeline/SuRE-snakemake", line 188, in __rule_iPCR_WASP_find_SNPs
  File "/DATA/usr/n.klaassen/miniconda3/envs/K562_SuRE/lib/python3.6/concurrent/futures/thread.py", line 56, in run
Will exit after finishing currently running jobs.
InterruptedInterruptedInterrupted

Interrupted

Interrupted
Interrupted
Terminating processes on user request.
Error in job cDNA while creating output file /DATA/usr/n.klaassen/projects/SuRE_K562/data/processed/SuRE_output/cDNA/SuRE23_45_B1_T4/SuRE23_45_B1_T4_trimmed_table.txt.gz.
RuleException:
CalledProcessError in line 137 of /DATA/usr/ludo/projects/LP190816_SuRE_K562_SNP/code/SuRE-WASP-pipeline/SuRE-snakemake:
Command '/DATA/usr/ludo/projects/LP190816_SuRE_K562_SNP/code/SuRE-WASP-pipeline/code/cDNA-plDNA-count-BC.bash -l -b 'SuRE23_45_B1_T4' -o '/DATA/usr/n.klaassen/projects/SuRE_K562/data/processed/SuRE_output/cDNA/SuRE23_45_B1_T4' -a CCTAGCTAACTATAACGGTCCTAAGGTAGCGAA /home/ludo/projects/LP190816_SuRE_K562_SNP/data/LP20190816_K562_rawData/cDNA/3520_4_12_4_RNA_45_6_K562_SuRE23_TFrep2_PCRrep2_pgcDNA_adapter_2_150604_hg_TAGCTTA_L002_R1_001.fastq.gz' died with <Signals.SIGINT: 2>.
  File "/DATA/usr/ludo/projects/LP190816_SuRE_K562_SNP/code/SuRE-WASP-pipeline/SuRE-snakemake", line 137, in __rule_cDNA
  File "/DATA/usr/n.klaassen/miniconda3/envs/K562_SuRE/lib/python3.6/concurrent/futures/thread.py", line 56, in run
Removing output files of failed job cDNA since they might be corrupted:
/DATA/usr/n.klaassen/projects/SuRE_K562/data/processed/SuRE_output/cDNA/SuRE23_45_B1_T4/SuRE23_45_B1_T4_trimmed_table.txt.gz
Error in job cDNA while creating output file /DATA/usr/n.klaassen/projects/SuRE_K562/data/processed/SuRE_output/cDNA/SuRE23_45_B1_T3/SuRE23_45_B1_T3_trimmed_table.txt.gz.
RuleException:
CalledProcessError in line 137 of /DATA/usr/ludo/projects/LP190816_SuRE_K562_SNP/code/SuRE-WASP-pipeline/SuRE-snakemake:
Command '/DATA/usr/ludo/projects/LP190816_SuRE_K562_SNP/code/SuRE-WASP-pipeline/code/cDNA-plDNA-count-BC.bash -l -b 'SuRE23_45_B1_T3' -o '/DATA/usr/n.klaassen/projects/SuRE_K562/data/processed/SuRE_output/cDNA/SuRE23_45_B1_T3' -a CCTAGCTAACTATAACGGTCCTAAGGTAGCGAA /home/ludo/projects/LP190816_SuRE_K562_SNP/data/LP20190816_K562_rawData/cDNA/3520_3_12_3_RNA_45_6_K562_SuRE23_TFrep2_PCRrep1_pgcDNA_adapter_2_150604_hg_GATCAGA_L002_R1_001.fastq.gz' died with <Signals.SIGINT: 2>.
  File "/DATA/usr/ludo/projects/LP190816_SuRE_K562_SNP/code/SuRE-WASP-pipeline/SuRE-snakemake", line 137, in __rule_cDNA
  File "/DATA/usr/n.klaassen/miniconda3/envs/K562_SuRE/lib/python3.6/concurrent/futures/thread.py", line 56, in run
Removing output files of failed job cDNA since they might be corrupted:
/DATA/usr/n.klaassen/projects/SuRE_K562/data/processed/SuRE_output/cDNA/SuRE23_45_B1_T3/SuRE23_45_B1_T3_trimmed_table.txt.gz
Cancelling snakemake on user request.
SuRE-seq pipeline version:  0.14.feature_SNP-usr-config 
 git commit hash:  /DATA/usr/n.klaassen/projects/SuRE_K562/analyses/SuRE_Pipeline
/DATA/usr/ludo/projects/LP190816_SuRE_K562_SNP/code/SuRE-WASP-pipeline
bc007e8e31a1119a007f8335f7c99abb748d60dc 


reading SNPs from /DATA/usr/n.klaassen/projects/SuRE_K562/data/interim/SuRE_SNPs/vcf/SuRE_SNPs
reading VCF from /DATA/usr/n.klaassen/projects/SuRE_K562/data/interim/SuRE_SNPs/vcf/
Error in job plDNA while creating output file /DATA/usr/n.klaassen/projects/SuRE_K562/data/processed/SuRE_output/plDNA/plDNA.2/plDNA.2_trimmed_table.txt.gz.
RuleException:
CalledProcessError in line 149 of /DATA/usr/ludo/projects/LP190816_SuRE_K562_SNP/code/SuRE-WASP-pipeline/SuRE-snakemake:
Command '/DATA/usr/ludo/projects/LP190816_SuRE_K562_SNP/code/SuRE-WASP-pipeline/code/cDNA-plDNA-count-BC.bash -l -b 'plDNA.2' -o '/DATA/usr/n.klaassen/projects/SuRE_K562/data/processed/SuRE_output/plDNA/plDNA.2' -a CCTAGCTAACTATAACGGTCCTAAGGTAGCGAA /home/ludo/projects/LP190816_SuRE_K562_SNP/data/LP20190816_K562_rawData/PL/3419_30_10_30_Sce1_plDNA_SuRE23_PCRrep2_CTGTGTA_L002_R1_001.fastq.gz' died with <Signals.SIGINT: 2>.
  File "/DATA/usr/ludo/projects/LP190816_SuRE_K562_SNP/code/SuRE-WASP-pipeline/SuRE-snakemake", line 149, in __rule_plDNA
  File "/DATA/usr/n.klaassen/miniconda3/envs/K562_SuRE/lib/python3.6/concurrent/futures/thread.py", line 56, in run
Error in job cDNA while creating output file /DATA/usr/n.klaassen/projects/SuRE_K562/data/processed/SuRE_output/cDNA/SuRE23_45_B1_T1/SuRE23_45_B1_T1_trimmed_table.txt.gz.
RuleException:
CalledProcessError in line 137 of /DATA/usr/ludo/projects/LP190816_SuRE_K562_SNP/code/SuRE-WASP-pipeline/SuRE-snakemake:
Command '/DATA/usr/ludo/projects/LP190816_SuRE_K562_SNP/code/SuRE-WASP-pipeline/code/cDNA-plDNA-count-BC.bash -l -b 'SuRE23_45_B1_T1' -o '/DATA/usr/n.klaassen/projects/SuRE_K562/data/processed/SuRE_output/cDNA/SuRE23_45_B1_T1' -a CCTAGCTAACTATAACGGTCCTAAGGTAGCGAA /home/ludo/projects/LP190816_SuRE_K562_SNP/data/LP20190816_K562_rawData/cDNA/3520_1_12_1_RNA_45_5_K562_SuRE23_TFrep1_PCRrep1_pgcDNA_adapter_2_150604_hg_CAGATCA_L002_R1_001.fastq.gz' died with <Signals.SIGINT: 2>.
  File "/DATA/usr/ludo/projects/LP190816_SuRE_K562_SNP/code/SuRE-WASP-pipeline/SuRE-snakemake", line 137, in __rule_cDNA
  File "/DATA/usr/n.klaassen/miniconda3/envs/K562_SuRE/lib/python3.6/concurrent/futures/thread.py", line 56, in run
Error in job cDNA while creating output file /DATA/usr/n.klaassen/projects/SuRE_K562/data/processed/SuRE_output/cDNA/SuRE23_45_B1_T2/SuRE23_45_B1_T2_trimmed_table.txt.gz.
RuleException:
CalledProcessError in line 137 of /DATA/usr/ludo/projects/LP190816_SuRE_K562_SNP/code/SuRE-WASP-pipeline/SuRE-snakemake:
Command '/DATA/usr/ludo/projects/LP190816_SuRE_K562_SNP/code/SuRE-WASP-pipeline/code/cDNA-plDNA-count-BC.bash -l -b 'SuRE23_45_B1_T2' -o '/DATA/usr/n.klaassen/projects/SuRE_K562/data/processed/SuRE_output/cDNA/SuRE23_45_B1_T2' -a CCTAGCTAACTATAACGGTCCTAAGGTAGCGAA /home/ludo/projects/LP190816_SuRE_K562_SNP/data/LP20190816_K562_rawData/cDNA/3520_2_12_2_RNA_45_5_K562_SuRE23_TFrep1_PCRrep2_pgcDNA_adapter_2_150604_hg_ACTTGAA_L002_R1_001.fastq.gz' died with <Signals.SIGINT: 2>.
  File "/DATA/usr/ludo/projects/LP190816_SuRE_K562_SNP/code/SuRE-WASP-pipeline/SuRE-snakemake", line 137, in __rule_cDNA
  File "/DATA/usr/n.klaassen/miniconda3/envs/K562_SuRE/lib/python3.6/concurrent/futures/thread.py", line 56, in run
Error in job cDNA while creating output file /DATA/usr/n.klaassen/projects/SuRE_K562/data/processed/SuRE_output/cDNA/SuRE23_55_B2_T2/SuRE23_55_B2_T2_trimmed_table.txt.gz.
RuleException:
CalledProcessError in line 137 of /DATA/usr/ludo/projects/LP190816_SuRE_K562_SNP/code/SuRE-WASP-pipeline/SuRE-snakemake:
Command '/DATA/usr/ludo/projects/LP190816_SuRE_K562_SNP/code/SuRE-WASP-pipeline/code/cDNA-plDNA-count-BC.bash -l -b 'SuRE23_55_B2_T2' -o '/DATA/usr/n.klaassen/projects/SuRE_K562/data/processed/SuRE_output/cDNA/SuRE23_55_B2_T2' -a CCTAGCTAACTATAACGGTCCTAAGGTAGCGAA /home/ludo/projects/LP190816_SuRE_K562_SNP/data/LP20190816_K562_rawData/cDNA/3875_2_16_2_RNA_55_5_K562_SuRE23_PCRrep2_CGATGTA_S64_L008_R1_001.fastq.gz' died with <Signals.SIGINT: 2>.
  File "/DATA/usr/ludo/projects/LP190816_SuRE_K562_SNP/code/SuRE-WASP-pipeline/SuRE-snakemake", line 137, in __rule_cDNA
  File "/DATA/usr/n.klaassen/miniconda3/envs/K562_SuRE/lib/python3.6/concurrent/futures/thread.py", line 56, in run
Error in job cDNA while creating output file /DATA/usr/n.klaassen/projects/SuRE_K562/data/processed/SuRE_output/cDNA/SuRE23_55_B2_T1/SuRE23_55_B2_T1_trimmed_table.txt.gz.
RuleException:
CalledProcessError in line 137 of /DATA/usr/ludo/projects/LP190816_SuRE_K562_SNP/code/SuRE-WASP-pipeline/SuRE-snakemake:
Command '/DATA/usr/ludo/projects/LP190816_SuRE_K562_SNP/code/SuRE-WASP-pipeline/code/cDNA-plDNA-count-BC.bash -l -b 'SuRE23_55_B2_T1' -o '/DATA/usr/n.klaassen/projects/SuRE_K562/data/processed/SuRE_output/cDNA/SuRE23_55_B2_T1' -a CCTAGCTAACTATAACGGTCCTAAGGTAGCGAA /home/ludo/projects/LP190816_SuRE_K562_SNP/data/LP20190816_K562_rawData/cDNA/3875_1_16_1_RNA_55_5_K562_SuRE23_PCRrep1_ATCACGA_S63_L008_R1_001.fastq.gz' died with <Signals.SIGINT: 2>.
  File "/DATA/usr/ludo/projects/LP190816_SuRE_K562_SNP/code/SuRE-WASP-pipeline/SuRE-snakemake", line 137, in __rule_cDNA
  File "/DATA/usr/n.klaassen/miniconda3/envs/K562_SuRE/lib/python3.6/concurrent/futures/thread.py", line 56, in run
Error in job plDNA while creating output file /DATA/usr/n.klaassen/projects/SuRE_K562/data/processed/SuRE_output/plDNA/plDNA.1/plDNA.1_trimmed_table.txt.gz.
RuleException:
CalledProcessError in line 149 of /DATA/usr/ludo/projects/LP190816_SuRE_K562_SNP/code/SuRE-WASP-pipeline/SuRE-snakemake:
Command '/DATA/usr/ludo/projects/LP190816_SuRE_K562_SNP/code/SuRE-WASP-pipeline/code/cDNA-plDNA-count-BC.bash -l -b 'plDNA.1' -o '/DATA/usr/n.klaassen/projects/SuRE_K562/data/processed/SuRE_output/plDNA/plDNA.1' -a CCTAGCTAACTATAACGGTCCTAAGGTAGCGAA /home/ludo/projects/LP190816_SuRE_K562_SNP/data/LP20190816_K562_rawData/PL/3419_29_10_29_Sce1_plDNA_SuRE23_PCRrep1_TACCTTA_L002_R1_001.fastq.gz' died with <Signals.SIGINT: 2>.
  File "/DATA/usr/ludo/projects/LP190816_SuRE_K562_SNP/code/SuRE-WASP-pipeline/SuRE-snakemake", line 149, in __rule_plDNA
  File "/DATA/usr/n.klaassen/miniconda3/envs/K562_SuRE/lib/python3.6/concurrent/futures/thread.py", line 56, in run
Command exited with non-zero status 1
	Command being timed: "nice -19 snakemake -prs /DATA/usr/ludo/projects/LP190816_SuRE_K562_SNP/code/SuRE-WASP-pipeline/SuRE-snakemake --use-conda --conda-prefix /DATA/usr/n.klaassen/projects/SuRE_K562/analyses/SuRE_Pipeline --resources ram=150 --configfile SuRE-K562.yaml --cores 25 all"
	User time (seconds): 2581.02
	System time (seconds): 104.63
	Percent of CPU this job got: 845%
	Elapsed (wall clock) time (h:mm:ss or m:ss): 5:17.68
	Average shared text size (kbytes): 0
	Average unshared data size (kbytes): 0
	Average stack size (kbytes): 0
	Average total size (kbytes): 0
	Maximum resident set size (kbytes): 1981816
	Average resident set size (kbytes): 0
	Major (requiring I/O) page faults: 0
	Minor (reclaiming a frame) page faults: 840408
	Voluntary context switches: 3225587
	Involuntary context switches: 98568
	Swaps: 0
	File system inputs: 192224
	File system outputs: 72034344
	Socket messages sent: 0
	Socket messages received: 0
	Signals delivered: 0
	Page size (bytes): 4096
	Exit status: 1
